00:13:47:726  INFO 9024 --- [main] com.hmall.cart.CartApplication           : The following 1 profile is active: "dev"
00:13:51:035  INFO 9024 --- [main] o.s.cloud.context.scope.GenericScope     : BeanFactory id=e9605dcc-d5f7-36c6-b047-f69e5f7187d1
00:13:51:228  INFO 9024 --- [main] trationDelegate$BeanPostProcessorChecker : Bean 'io.seata.spring.boot.autoconfigure.SeataCoreAutoConfiguration' of type [io.seata.spring.boot.autoconfigure.SeataCoreAutoConfiguration] is not eligible for getting processed by all BeanPostProcessors (for example: not eligible for auto-proxying)
00:13:51:228  INFO 9024 --- [main] trationDelegate$BeanPostProcessorChecker : Bean 'springApplicationContextProvider' of type [io.seata.spring.boot.autoconfigure.provider.SpringApplicationContextProvider] is not eligible for getting processed by all BeanPostProcessors (for example: not eligible for auto-proxying)
00:13:51:229  INFO 9024 --- [main] trationDelegate$BeanPostProcessorChecker : Bean 'io.seata.spring.boot.autoconfigure.SeataAutoConfiguration' of type [io.seata.spring.boot.autoconfigure.SeataAutoConfiguration] is not eligible for getting processed by all BeanPostProcessors (for example: not eligible for auto-proxying)
00:13:51:323  INFO 9024 --- [main] trationDelegate$BeanPostProcessorChecker : Bean 'failureHandler' of type [io.seata.tm.api.DefaultFailureHandlerImpl] is not eligible for getting processed by all BeanPostProcessors (for example: not eligible for auto-proxying)
00:13:51:331  INFO 9024 --- [main] trationDelegate$BeanPostProcessorChecker : Bean 'org.springframework.cloud.commons.config.CommonsConfigAutoConfiguration' of type [org.springframework.cloud.commons.config.CommonsConfigAutoConfiguration] is not eligible for getting processed by all BeanPostProcessors (for example: not eligible for auto-proxying)
00:13:51:334  INFO 9024 --- [main] trationDelegate$BeanPostProcessorChecker : Bean 'org.springframework.cloud.client.loadbalancer.LoadBalancerDefaultMappingsProviderAutoConfiguration' of type [org.springframework.cloud.client.loadbalancer.LoadBalancerDefaultMappingsProviderAutoConfiguration] is not eligible for getting processed by all BeanPostProcessors (for example: not eligible for auto-proxying)
00:13:51:335  INFO 9024 --- [main] trationDelegate$BeanPostProcessorChecker : Bean 'loadBalancerClientsDefaultsMappingsProvider' of type [org.springframework.cloud.client.loadbalancer.LoadBalancerDefaultMappingsProviderAutoConfiguration$$Lambda$567/0x0000000800680440] is not eligible for getting processed by all BeanPostProcessors (for example: not eligible for auto-proxying)
00:13:51:336  INFO 9024 --- [main] trationDelegate$BeanPostProcessorChecker : Bean 'defaultsBindHandlerAdvisor' of type [org.springframework.cloud.commons.config.DefaultsBindHandlerAdvisor] is not eligible for getting processed by all BeanPostProcessors (for example: not eligible for auto-proxying)
00:13:51:344  INFO 9024 --- [main] trationDelegate$BeanPostProcessorChecker : Bean 'springCloudAlibabaConfiguration' of type [io.seata.spring.boot.autoconfigure.properties.SpringCloudAlibabaConfiguration] is not eligible for getting processed by all BeanPostProcessors (for example: not eligible for auto-proxying)
00:13:51:350  INFO 9024 --- [main] trationDelegate$BeanPostProcessorChecker : Bean 'seataProperties' of type [io.seata.spring.boot.autoconfigure.properties.SeataProperties] is not eligible for getting processed by all BeanPostProcessors (for example: not eligible for auto-proxying)
00:13:51:356  INFO 9024 --- [main] i.s.s.b.a.SeataAutoConfiguration         : Automatically configure Seata
00:13:51:500  INFO 9024 --- [main] io.seata.config.ConfigurationFactory     : load Configuration from :Spring Configuration
00:13:51:513  INFO 9024 --- [main] io.seata.config.ConfigurationFactory     : load Configuration from :Spring Configuration
00:13:51:762  INFO 9024 --- [main] i.s.s.a.GlobalTransactionScanner         : Initializing Global Transaction Clients ... 
00:13:52:001  INFO 9024 --- [main] i.s.core.rpc.netty.NettyClientBootstrap  : NettyClientBootstrap has started
00:13:52:486  INFO 9024 --- [main] com.alibaba.nacos.common.remote.client   : [RpcClientFactory] create a new rpc client of b0401c2e-7c91-411a-af57-0712d201b027
00:13:52:486  INFO 9024 --- [main] com.alibaba.nacos.common.remote.client   : [b0401c2e-7c91-411a-af57-0712d201b027] RpcClient init label, labels = {module=naming, source=sdk}
00:13:52:490  INFO 9024 --- [main] com.alibaba.nacos.common.remote.client   : [b0401c2e-7c91-411a-af57-0712d201b027] RpcClient init, ServerListFactory = com.alibaba.nacos.client.naming.core.ServerListManager
00:13:52:490  INFO 9024 --- [main] com.alibaba.nacos.common.remote.client   : [b0401c2e-7c91-411a-af57-0712d201b027] Registry connection listener to current client:com.alibaba.nacos.client.naming.remote.gprc.redo.NamingGrpcRedoService
00:13:52:491  INFO 9024 --- [main] com.alibaba.nacos.common.remote.client   : [b0401c2e-7c91-411a-af57-0712d201b027] Register server push request handler:com.alibaba.nacos.client.naming.remote.gprc.NamingPushRequestHandler
00:13:52:492  INFO 9024 --- [main] com.alibaba.nacos.common.remote.client   : [b0401c2e-7c91-411a-af57-0712d201b027] Try to connect to server on start up, server: {serverIp = 'localhost', server main port = 8848}
00:13:52:667  INFO 9024 --- [main] com.alibaba.nacos.common.remote.client   : [b0401c2e-7c91-411a-af57-0712d201b027] Success to connect to server [localhost:8848] on start up, connectionId = 1728058432533_127.0.0.1_3671
00:13:52:667  INFO 9024 --- [com.alibaba.nacos.client.remote.worker] com.alibaba.nacos.common.remote.client   : [b0401c2e-7c91-411a-af57-0712d201b027] Notify connected event to listeners.
00:13:52:668  INFO 9024 --- [main] com.alibaba.nacos.common.remote.client   : [b0401c2e-7c91-411a-af57-0712d201b027] Register server push request handler:com.alibaba.nacos.common.remote.client.RpcClient$ConnectResetRequestHandler
00:13:52:669  INFO 9024 --- [main] com.alibaba.nacos.common.remote.client   : [b0401c2e-7c91-411a-af57-0712d201b027] Register server push request handler:com.alibaba.nacos.common.remote.client.RpcClient$$Lambda$472/0x0000000800520440
00:13:52:799  INFO 9024 --- [main] i.s.c.r.netty.NettyClientChannelManager  : will connect to 26.10.64.202:8099
00:13:53:299  INFO 9024 --- [nacos-grpc-client-executor-5] com.alibaba.nacos.common.remote.client   : [b0401c2e-7c91-411a-af57-0712d201b027] Receive server push request, request = NotifySubscriberRequest, requestId = 7
00:13:53:300  INFO 9024 --- [nacos-grpc-client-executor-5] com.alibaba.nacos.common.remote.client   : [b0401c2e-7c91-411a-af57-0712d201b027] Ack server push request, request = NotifySubscriberRequest, requestId = 7
00:13:54:370  INFO 9024 --- [main] i.s.core.rpc.netty.NettyPoolableFactory  : NettyPool create channel to transactionRole:TMROLE,address:26.10.64.202:8099,msg:< RegisterTMRequest{applicationId='cart-service', transactionServiceGroup='hmall'} >
00:13:56:375  INFO 9024 --- [main] i.s.c.rpc.netty.TmNettyRemotingClient    : register TM success. client version:1.5.2, server version:2.0.0,channel:[id: 0x0c9353fa, L:/26.10.64.202:3681 - R:/26.10.64.202:8099]
00:13:56:389  INFO 9024 --- [main] i.s.core.rpc.netty.NettyPoolableFactory  : register success, cost 357 ms, version:2.0.0,role:TMROLE,channel:[id: 0x0c9353fa, L:/26.10.64.202:3681 - R:/26.10.64.202:8099]
00:13:56:391  INFO 9024 --- [main] i.s.s.a.GlobalTransactionScanner         : Transaction Manager Client is initialized. applicationId[cart-service] txServiceGroup[hmall]
00:13:56:419  INFO 9024 --- [main] io.seata.rm.datasource.AsyncWorker       : Async Commit Buffer Limit: 10000
00:13:56:420  INFO 9024 --- [main] i.s.rm.datasource.xa.ResourceManagerXA   : ResourceManagerXA init ...
00:13:56:438  INFO 9024 --- [main] i.s.core.rpc.netty.NettyClientBootstrap  : NettyClientBootstrap has started
00:13:56:438  INFO 9024 --- [main] i.s.s.a.GlobalTransactionScanner         : Resource Manager is initialized. applicationId[cart-service] txServiceGroup[hmall]
00:13:56:438  INFO 9024 --- [main] i.s.s.a.GlobalTransactionScanner         : Global Transaction Clients are initialized. 
00:13:56:442  INFO 9024 --- [main] trationDelegate$BeanPostProcessorChecker : Bean 'io.seata.spring.boot.autoconfigure.SeataDataSourceAutoConfiguration' of type [io.seata.spring.boot.autoconfigure.SeataDataSourceAutoConfiguration] is not eligible for getting processed by all BeanPostProcessors (for example: not eligible for auto-proxying)
00:13:57:056  INFO 9024 --- [main] trationDelegate$BeanPostProcessorChecker : Bean 'com.alibaba.cloud.seata.feign.SeataFeignClientAutoConfiguration$FeignBeanPostProcessorConfiguration' of type [com.alibaba.cloud.seata.feign.SeataFeignClientAutoConfiguration$FeignBeanPostProcessorConfiguration] is not eligible for getting processed by all BeanPostProcessors (for example: not eligible for auto-proxying)
00:13:57:068  INFO 9024 --- [main] trationDelegate$BeanPostProcessorChecker : Bean 'seataFeignObjectWrapper' of type [com.alibaba.cloud.seata.feign.SeataFeignObjectWrapper] is not eligible for getting processed by all BeanPostProcessors (for example: not eligible for auto-proxying)
00:13:57:932  INFO 9024 --- [main] o.s.b.w.embedded.tomcat.TomcatWebServer  : Tomcat initialized with port(s): 8082 (http)
00:13:57:934  INFO 9024 --- [main] o.a.catalina.core.AprLifecycleListener   : Loaded Apache Tomcat Native library [1.2.39] using APR version [1.7.4].
00:13:57:935  INFO 9024 --- [main] o.a.catalina.core.AprLifecycleListener   : APR capabilities: IPv6 [true], sendfile [true], accept filters [false], random [true], UDS [true].
00:13:57:936  INFO 9024 --- [main] o.a.catalina.core.AprLifecycleListener   : APR/OpenSSL configuration: useAprConnector [false], useOpenSSL [true]
00:13:57:951  INFO 9024 --- [main] o.a.catalina.core.AprLifecycleListener   : OpenSSL successfully initialized [OpenSSL 3.0.11 19 Sep 2023]
00:13:57:978  INFO 9024 --- [main] o.apache.catalina.core.StandardService   : Starting service [Tomcat]
00:13:57:979  INFO 9024 --- [main] org.apache.catalina.core.StandardEngine  : Starting Servlet engine: [Apache Tomcat/9.0.75]
00:13:58:554  INFO 9024 --- [main] o.a.c.c.C.[Tomcat].[localhost].[/]       : Initializing Spring embedded WebApplicationContext
00:13:58:555  INFO 9024 --- [main] w.s.c.ServletWebServerApplicationContext : Root WebApplicationContext: initialization completed in 10774 ms
00:13:59:404  INFO 9024 --- [main] o.s.c.openfeign.FeignClientFactoryBean   : For 'item-service' URL not provided. Will try picking an instance via load-balancing.
00:14:00:422  INFO 9024 --- [main] com.zaxxer.hikari.HikariDataSource       : HikariPool-1 - Starting...
00:14:01:035  INFO 9024 --- [main] com.zaxxer.hikari.HikariDataSource       : HikariPool-1 - Start completed.
00:14:01:215  INFO 9024 --- [main] i.s.c.r.netty.NettyClientChannelManager  : will connect to 26.10.64.202:8099
00:14:01:216  INFO 9024 --- [main] i.s.c.rpc.netty.RmNettyRemotingClient    : RM will register :jdbc:mysql://localhost:3306/hm-cart
00:14:01:218  INFO 9024 --- [main] i.s.core.rpc.netty.NettyPoolableFactory  : NettyPool create channel to transactionRole:RMROLE,address:26.10.64.202:8099,msg:< RegisterRMRequest{resourceIds='jdbc:mysql://localhost:3306/hm-cart', applicationId='cart-service', transactionServiceGroup='hmall'} >
00:14:01:416  INFO 9024 --- [main] i.s.c.rpc.netty.RmNettyRemotingClient    : register RM success. client version:1.5.2, server version:2.0.0,channel:[id: 0x82450f3c, L:/26.10.64.202:3724 - R:/26.10.64.202:8099]
00:14:01:417  INFO 9024 --- [main] i.s.core.rpc.netty.NettyPoolableFactory  : register success, cost 88 ms, version:2.0.0,role:RMROLE,channel:[id: 0x82450f3c, L:/26.10.64.202:3724 - R:/26.10.64.202:8099]
00:14:07:460  INFO 9024 --- [main] c.a.c.sentinel.SentinelWebMvcConfigurer  : [Sentinel Starter] register SentinelWebInterceptor with urlPatterns: [/**].
00:14:12:646  INFO 9024 --- [main] o.s.cloud.commons.util.InetUtils         : Cannot determine local hostname
00:14:12:786  INFO 9024 --- [main] pertySourcedRequestMappingHandlerMapping : Mapped URL path [/v2/api-docs] onto method [springfox.documentation.swagger2.web.Swagger2ControllerWebMvc#getDocumentation(String, HttpServletRequest)]
00:14:16:463  INFO 9024 --- [main] o.s.cloud.commons.util.InetUtils         : Cannot determine local hostname
00:14:16:994  INFO 9024 --- [main] com.alibaba.nacos.common.remote.client   : [RpcClientFactory] create a new rpc client of b58dbd30-3555-4c2c-b016-899538de8fd6
00:14:16:994  INFO 9024 --- [main] com.alibaba.nacos.common.remote.client   : [b58dbd30-3555-4c2c-b016-899538de8fd6] RpcClient init label, labels = {module=naming, source=sdk}
00:14:16:995  INFO 9024 --- [main] com.alibaba.nacos.common.remote.client   : [b58dbd30-3555-4c2c-b016-899538de8fd6] RpcClient init, ServerListFactory = com.alibaba.nacos.client.naming.core.ServerListManager
00:14:16:995  INFO 9024 --- [main] com.alibaba.nacos.common.remote.client   : [b58dbd30-3555-4c2c-b016-899538de8fd6] Registry connection listener to current client:com.alibaba.nacos.client.naming.remote.gprc.redo.NamingGrpcRedoService
00:14:16:995  INFO 9024 --- [main] com.alibaba.nacos.common.remote.client   : [b58dbd30-3555-4c2c-b016-899538de8fd6] Register server push request handler:com.alibaba.nacos.client.naming.remote.gprc.NamingPushRequestHandler
00:14:16:996  INFO 9024 --- [main] com.alibaba.nacos.common.remote.client   : [b58dbd30-3555-4c2c-b016-899538de8fd6] Try to connect to server on start up, server: {serverIp = 'localhost', server main port = 8848}
00:14:17:146  INFO 9024 --- [main] com.alibaba.nacos.common.remote.client   : [b58dbd30-3555-4c2c-b016-899538de8fd6] Success to connect to server [localhost:8848] on start up, connectionId = 1728058457012_127.0.0.1_3810
00:14:17:146  INFO 9024 --- [main] com.alibaba.nacos.common.remote.client   : [b58dbd30-3555-4c2c-b016-899538de8fd6] Register server push request handler:com.alibaba.nacos.common.remote.client.RpcClient$ConnectResetRequestHandler
00:14:17:146  INFO 9024 --- [com.alibaba.nacos.client.remote.worker] com.alibaba.nacos.common.remote.client   : [b58dbd30-3555-4c2c-b016-899538de8fd6] Notify connected event to listeners.
00:14:17:147  INFO 9024 --- [main] com.alibaba.nacos.common.remote.client   : [b58dbd30-3555-4c2c-b016-899538de8fd6] Register server push request handler:com.alibaba.nacos.common.remote.client.RpcClient$$Lambda$472/0x0000000800520440
00:14:17:194  INFO 9024 --- [main] o.s.b.w.embedded.tomcat.TomcatWebServer  : Tomcat started on port(s): 8082 (http) with context path ''
00:14:17:230  INFO 9024 --- [main] c.a.c.n.registry.NacosServiceRegistry    : nacos registry, DEFAULT_GROUP cart-service 26.10.64.202:8082 register finished
00:14:17:689  INFO 9024 --- [nacos-grpc-client-executor-7] com.alibaba.nacos.common.remote.client   : [b58dbd30-3555-4c2c-b016-899538de8fd6] Receive server push request, request = NotifySubscriberRequest, requestId = 10
00:14:17:704  INFO 9024 --- [nacos-grpc-client-executor-7] com.alibaba.nacos.common.remote.client   : [b58dbd30-3555-4c2c-b016-899538de8fd6] Ack server push request, request = NotifySubscriberRequest, requestId = 10
00:14:20:911  INFO 9024 --- [main] o.s.cloud.commons.util.InetUtils         : Cannot determine local hostname
00:14:20:913  INFO 9024 --- [main] d.s.w.p.DocumentationPluginsBootstrapper : Documentation plugins bootstrapped
00:14:20:924  INFO 9024 --- [main] d.s.w.p.DocumentationPluginsBootstrapper : Found 1 custom documentation plugin(s)
00:14:20:997  INFO 9024 --- [main] s.d.s.w.s.ApiListingReferenceScanner     : Scanning for api listing references
00:14:21:294  INFO 9024 --- [main] o.s.a.r.c.CachingConnectionFactory       : Attempting to connect to: [localhost:5672]
00:14:21:475  INFO 9024 --- [main] o.s.a.r.c.CachingConnectionFactory       : Created new connection: rabbitConnectionFactory#753248f8:0/SimpleConnection@6e591c03 [delegate=amqp://hmall@127.0.0.1:5672//hmall, localPort= 3825]
00:14:21:687  INFO 9024 --- [main] com.hmall.cart.CartApplication           : Started CartApplication in 48.539 seconds (JVM running for 50.697)
00:14:21:708  INFO 9024 --- [main] c.a.c.n.refresh.NacosContextRefresher    : [Nacos Config] Listening config: dataId=cart-service, group=DEFAULT_GROUP
00:14:21:713  INFO 9024 --- [main] c.a.c.n.refresh.NacosContextRefresher    : [Nacos Config] Listening config: dataId=cart-service.yaml, group=DEFAULT_GROUP
00:14:21:714  INFO 9024 --- [main] c.a.c.n.refresh.NacosContextRefresher    : [Nacos Config] Listening config: dataId=cart-service-dev.yaml, group=DEFAULT_GROUP
00:16:50:492  INFO 9024 --- [http-nio-8082-exec-1] o.a.c.c.C.[Tomcat].[localhost].[/]       : Initializing Spring DispatcherServlet 'dispatcherServlet'
00:16:50:492  INFO 9024 --- [http-nio-8082-exec-1] o.s.web.servlet.DispatcherServlet        : Initializing Servlet 'dispatcherServlet'
00:16:50:495  INFO 9024 --- [http-nio-8082-exec-1] o.s.web.servlet.DispatcherServlet        : Completed initialization in 3 ms
00:16:50:821 DEBUG 9024 --- [http-nio-8082-exec-1] c.h.cart.mapper.CartMapper.selectList    : ==>  Preparing: SELECT id,user_id,item_id,num,name,spec,price,image,create_time,update_time FROM cart WHERE (user_id = ?)
00:16:50:851 DEBUG 9024 --- [http-nio-8082-exec-1] c.h.cart.mapper.CartMapper.selectList    : ==> Parameters: 1(Long)
00:16:50:896 DEBUG 9024 --- [http-nio-8082-exec-1] c.h.cart.mapper.CartMapper.selectList    : <==      Total: 0
00:16:53:194 DEBUG 9024 --- [http-nio-8082-exec-4] c.h.cart.mapper.CartMapper.selectList    : ==>  Preparing: SELECT id,user_id,item_id,num,name,spec,price,image,create_time,update_time FROM cart WHERE (user_id = ?)
00:16:53:195 DEBUG 9024 --- [http-nio-8082-exec-4] c.h.cart.mapper.CartMapper.selectList    : ==> Parameters: 1(Long)
00:16:53:197 DEBUG 9024 --- [http-nio-8082-exec-4] c.h.cart.mapper.CartMapper.selectList    : <==      Total: 0
00:17:57:853 DEBUG 9024 --- [http-nio-8082-exec-8] c.h.cart.mapper.CartMapper.selectCount   : ==>  Preparing: SELECT COUNT( * ) FROM cart WHERE (user_id = ? AND item_id = ?)
00:17:57:853 DEBUG 9024 --- [http-nio-8082-exec-8] c.h.cart.mapper.CartMapper.selectCount   : ==> Parameters: 1(Long), 100001511821(Long)
00:17:57:856 DEBUG 9024 --- [http-nio-8082-exec-8] c.h.cart.mapper.CartMapper.selectCount   : <==      Total: 1
00:17:57:859 DEBUG 9024 --- [http-nio-8082-exec-8] c.h.cart.mapper.CartMapper.selectCount   : ==>  Preparing: SELECT COUNT( * ) FROM cart WHERE (user_id = ?)
00:17:57:860 DEBUG 9024 --- [http-nio-8082-exec-8] c.h.cart.mapper.CartMapper.selectCount   : ==> Parameters: 1(Long)
00:17:57:861 DEBUG 9024 --- [http-nio-8082-exec-8] c.h.cart.mapper.CartMapper.selectCount   : <==      Total: 1
00:17:57:912 DEBUG 9024 --- [http-nio-8082-exec-8] com.hmall.cart.mapper.CartMapper.insert  : ==>  Preparing: INSERT INTO cart ( user_id, item_id, name, spec, price, image ) VALUES ( ?, ?, ?, ?, ?, ? )
00:17:57:913 DEBUG 9024 --- [http-nio-8082-exec-8] com.hmall.cart.mapper.CartMapper.insert  : ==> Parameters: 1(Long), 100001511821(Long), HMDIME 牛仔背带裤女2018秋冬新品 韩版学院风潮流百搭弹力修身补丁学生吊带长裤女 AXNZ369 深蓝 30(String), {"颜色": "蓝色", "尺码": "30"}(String), 13700(Integer), https://m.360buyimg.com/mobilecms/s720x720_jfs/t30892/263/313055374/557791/c98e9abc/5bef811aN036f7c3b.jpg!q70.jpg.webp(String)
00:17:57:925 DEBUG 9024 --- [http-nio-8082-exec-8] com.hmall.cart.mapper.CartMapper.insert  : <==    Updates: 1
00:17:58:031 DEBUG 9024 --- [http-nio-8082-exec-2] c.h.cart.mapper.CartMapper.selectList    : ==>  Preparing: SELECT id,user_id,item_id,num,name,spec,price,image,create_time,update_time FROM cart WHERE (user_id = ?)
00:17:58:031 DEBUG 9024 --- [http-nio-8082-exec-2] c.h.cart.mapper.CartMapper.selectList    : ==> Parameters: 1(Long)
00:17:58:037 DEBUG 9024 --- [http-nio-8082-exec-2] c.h.cart.mapper.CartMapper.selectList    : <==      Total: 1
00:17:58:045 DEBUG 9024 --- [http-nio-8082-exec-2] com.hmall.api.client.ItemClient          : [ItemClient#queryItemByIds] ---> GET http://item-service/items?ids=100001511821 HTTP/1.1
00:17:58:045 DEBUG 9024 --- [http-nio-8082-exec-2] com.hmall.api.client.ItemClient          : [ItemClient#queryItemByIds] user-info: 1
00:17:58:045 DEBUG 9024 --- [http-nio-8082-exec-2] com.hmall.api.client.ItemClient          : [ItemClient#queryItemByIds] ---> END HTTP (0-byte body)
00:17:58:372 DEBUG 9024 --- [http-nio-8082-exec-2] com.hmall.api.client.ItemClient          : [ItemClient#queryItemByIds] <--- HTTP/1.1 200  (326ms)
00:17:58:373 DEBUG 9024 --- [http-nio-8082-exec-2] com.hmall.api.client.ItemClient          : [ItemClient#queryItemByIds] connection: keep-alive
00:17:58:373 DEBUG 9024 --- [http-nio-8082-exec-2] com.hmall.api.client.ItemClient          : [ItemClient#queryItemByIds] content-type: application/json
00:17:58:373 DEBUG 9024 --- [http-nio-8082-exec-2] com.hmall.api.client.ItemClient          : [ItemClient#queryItemByIds] date: Fri, 04 Oct 2024 16:17:58 GMT
00:17:58:373 DEBUG 9024 --- [http-nio-8082-exec-2] com.hmall.api.client.ItemClient          : [ItemClient#queryItemByIds] keep-alive: timeout=60
00:17:58:373 DEBUG 9024 --- [http-nio-8082-exec-2] com.hmall.api.client.ItemClient          : [ItemClient#queryItemByIds] transfer-encoding: chunked
00:17:58:373 DEBUG 9024 --- [http-nio-8082-exec-2] com.hmall.api.client.ItemClient          : [ItemClient#queryItemByIds] 
00:17:58:374 DEBUG 9024 --- [http-nio-8082-exec-2] com.hmall.api.client.ItemClient          : [ItemClient#queryItemByIds] [{"id":"100001511821","name":"HMDIME 牛仔背带裤女2018秋冬新品 韩版学院风潮流百搭弹力修身补丁学生吊带长裤女 AXNZ369 深蓝 30","price":13700,"stock":9993,"image":"https://m.360buyimg.com/mobilecms/s720x720_jfs/t30892/263/313055374/557791/c98e9abc/5bef811aN036f7c3b.jpg!q70.jpg.webp","category":"牛仔裤","brand":"HMDIME","spec":"{\"颜色\": \"蓝色\", \"尺码\": \"30\"}","sold":0,"commentCount":0,"isAD":false,"status":1}]
00:17:58:374 DEBUG 9024 --- [http-nio-8082-exec-2] com.hmall.api.client.ItemClient          : [ItemClient#queryItemByIds] <--- END HTTP (459-byte body)
00:17:58:825  INFO 9024 --- [nacos-grpc-client-executor-53] com.alibaba.nacos.common.remote.client   : [b58dbd30-3555-4c2c-b016-899538de8fd6] Receive server push request, request = NotifySubscriberRequest, requestId = 23
00:17:58:826  INFO 9024 --- [nacos-grpc-client-executor-53] com.alibaba.nacos.common.remote.client   : [b58dbd30-3555-4c2c-b016-899538de8fd6] Ack server push request, request = NotifySubscriberRequest, requestId = 23
00:18:06:359 DEBUG 9024 --- [org.springframework.amqp.rabbit.RabbitListenerEndpointContainer#0-1] com.hmall.cart.mapper.CartMapper.delete  : ==>  Preparing: DELETE FROM cart WHERE (user_id = ? AND item_id IN (?))
00:18:06:361 DEBUG 9024 --- [org.springframework.amqp.rabbit.RabbitListenerEndpointContainer#0-1] com.hmall.cart.mapper.CartMapper.delete  : ==> Parameters: 1(Long), 100001511821(Long)
00:18:06:367 DEBUG 9024 --- [org.springframework.amqp.rabbit.RabbitListenerEndpointContainer#0-1] com.hmall.cart.mapper.CartMapper.delete  : <==    Updates: 1
00:18:06:698 DEBUG 9024 --- [org.springframework.amqp.rabbit.RabbitListenerEndpointContainer#0-1] com.hmall.cart.mapper.CartMapper.delete  : ==>  Preparing: DELETE FROM cart WHERE (user_id = ? AND item_id IN (?))
00:18:06:699 DEBUG 9024 --- [org.springframework.amqp.rabbit.RabbitListenerEndpointContainer#0-1] com.hmall.cart.mapper.CartMapper.delete  : ==> Parameters: 1(Long), 100001511821(Long)
00:18:06:700 DEBUG 9024 --- [org.springframework.amqp.rabbit.RabbitListenerEndpointContainer#0-1] com.hmall.cart.mapper.CartMapper.delete  : <==    Updates: 0
00:19:17:433 DEBUG 9024 --- [http-nio-8082-exec-6] c.h.cart.mapper.CartMapper.selectList    : ==>  Preparing: SELECT id,user_id,item_id,num,name,spec,price,image,create_time,update_time FROM cart WHERE (user_id = ?)
00:19:17:434 DEBUG 9024 --- [http-nio-8082-exec-6] c.h.cart.mapper.CartMapper.selectList    : ==> Parameters: 1(Long)
00:19:17:435 DEBUG 9024 --- [http-nio-8082-exec-6] c.h.cart.mapper.CartMapper.selectList    : <==      Total: 0
01:03:37:359  WARN 9024 --- [Thread-5] c.a.nacos.common.notify.NotifyCenter     : [NotifyCenter] Start destroying Publisher
01:03:37:359  WARN 9024 --- [Thread-1] c.a.n.common.http.HttpClientBeanHolder   : [HttpClientBeanHolder] Start destroying common HttpClient
01:03:37:373  WARN 9024 --- [Thread-5] c.a.nacos.common.notify.NotifyCenter     : [NotifyCenter] Destruction of the end
01:03:37:380  WARN 9024 --- [Thread-1] c.a.n.common.http.HttpClientBeanHolder   : [HttpClientBeanHolder] Destruction of the end
01:03:37:514  INFO 9024 --- [org.springframework.amqp.rabbit.RabbitListenerEndpointContainer#0-2] o.s.a.r.l.SimpleMessageListenerContainer : Waiting for workers to finish.
01:03:38:020  INFO 9024 --- [org.springframework.amqp.rabbit.RabbitListenerEndpointContainer#0-2] o.s.a.r.l.SimpleMessageListenerContainer : Successfully waited for workers to finish.
01:03:38:671  INFO 9024 --- [SpringContextShutdownHook] c.a.c.n.registry.NacosServiceRegistry    : De-registering from Nacos Server now...
01:03:38:691  INFO 9024 --- [SpringContextShutdownHook] c.a.c.n.registry.NacosServiceRegistry    : De-registration finished.
01:03:39:037  INFO 9024 --- [SpringContextShutdownHook] com.alibaba.nacos.common.remote.client   : Shutdown rpc client, set status to shutdown
01:03:39:038  INFO 9024 --- [SpringContextShutdownHook] com.alibaba.nacos.common.remote.client   : Shutdown client event executor java.util.concurrent.ScheduledThreadPoolExecutor@5a765e7f[Running, pool size = 2, active threads = 2, queued tasks = 0, completed tasks = 0]
01:03:39:039  INFO 9024 --- [SpringContextShutdownHook] com.alibaba.nacos.common.remote.client   : Close current connection 1728058457012_127.0.0.1_3810
01:03:39:052  INFO 9024 --- [nacos-grpc-client-executor-605] c.a.n.c.remote.client.grpc.GrpcClient    : [1728058457012_127.0.0.1_3810]Ignore complete event,isRunning:false,isAbandon=false
01:03:39:064  INFO 9024 --- [SpringContextShutdownHook] c.a.n.c.remote.client.grpc.GrpcClient    : Shutdown grpc executor java.util.concurrent.ThreadPoolExecutor@6154d1a2[Running, pool size = 5, active threads = 0, queued tasks = 0, completed tasks = 606]
01:03:39:076  INFO 9024 --- [SpringContextShutdownHook] com.zaxxer.hikari.HikariDataSource       : HikariPool-1 - Shutdown initiated...
01:03:39:112  INFO 9024 --- [SpringContextShutdownHook] com.zaxxer.hikari.HikariDataSource       : HikariPool-1 - Shutdown completed.
01:03:39:124  INFO 9024 --- [SpringContextShutdownHook] o.s.a.r.l.SimpleMessageListenerContainer : Shutdown ignored - container is already stopped
01:04:09:887  INFO 19140 --- [main] com.hmall.cart.CartApplication           : The following 1 profile is active: "dev"
01:04:13:005  INFO 19140 --- [main] o.s.cloud.context.scope.GenericScope     : BeanFactory id=74eb58ff-a099-3767-8e83-697a388a1848
01:04:13:199  INFO 19140 --- [main] trationDelegate$BeanPostProcessorChecker : Bean 'io.seata.spring.boot.autoconfigure.SeataCoreAutoConfiguration' of type [io.seata.spring.boot.autoconfigure.SeataCoreAutoConfiguration] is not eligible for getting processed by all BeanPostProcessors (for example: not eligible for auto-proxying)
01:04:13:200  INFO 19140 --- [main] trationDelegate$BeanPostProcessorChecker : Bean 'springApplicationContextProvider' of type [io.seata.spring.boot.autoconfigure.provider.SpringApplicationContextProvider] is not eligible for getting processed by all BeanPostProcessors (for example: not eligible for auto-proxying)
01:04:13:201  INFO 19140 --- [main] trationDelegate$BeanPostProcessorChecker : Bean 'io.seata.spring.boot.autoconfigure.SeataAutoConfiguration' of type [io.seata.spring.boot.autoconfigure.SeataAutoConfiguration] is not eligible for getting processed by all BeanPostProcessors (for example: not eligible for auto-proxying)
01:04:13:306  INFO 19140 --- [main] trationDelegate$BeanPostProcessorChecker : Bean 'failureHandler' of type [io.seata.tm.api.DefaultFailureHandlerImpl] is not eligible for getting processed by all BeanPostProcessors (for example: not eligible for auto-proxying)
01:04:13:316  INFO 19140 --- [main] trationDelegate$BeanPostProcessorChecker : Bean 'org.springframework.cloud.commons.config.CommonsConfigAutoConfiguration' of type [org.springframework.cloud.commons.config.CommonsConfigAutoConfiguration] is not eligible for getting processed by all BeanPostProcessors (for example: not eligible for auto-proxying)
01:04:13:320  INFO 19140 --- [main] trationDelegate$BeanPostProcessorChecker : Bean 'org.springframework.cloud.client.loadbalancer.LoadBalancerDefaultMappingsProviderAutoConfiguration' of type [org.springframework.cloud.client.loadbalancer.LoadBalancerDefaultMappingsProviderAutoConfiguration] is not eligible for getting processed by all BeanPostProcessors (for example: not eligible for auto-proxying)
01:04:13:321  INFO 19140 --- [main] trationDelegate$BeanPostProcessorChecker : Bean 'loadBalancerClientsDefaultsMappingsProvider' of type [org.springframework.cloud.client.loadbalancer.LoadBalancerDefaultMappingsProviderAutoConfiguration$$Lambda$567/0x0000000800680440] is not eligible for getting processed by all BeanPostProcessors (for example: not eligible for auto-proxying)
01:04:13:323  INFO 19140 --- [main] trationDelegate$BeanPostProcessorChecker : Bean 'defaultsBindHandlerAdvisor' of type [org.springframework.cloud.commons.config.DefaultsBindHandlerAdvisor] is not eligible for getting processed by all BeanPostProcessors (for example: not eligible for auto-proxying)
01:04:13:334  INFO 19140 --- [main] trationDelegate$BeanPostProcessorChecker : Bean 'springCloudAlibabaConfiguration' of type [io.seata.spring.boot.autoconfigure.properties.SpringCloudAlibabaConfiguration] is not eligible for getting processed by all BeanPostProcessors (for example: not eligible for auto-proxying)
01:04:13:343  INFO 19140 --- [main] trationDelegate$BeanPostProcessorChecker : Bean 'seataProperties' of type [io.seata.spring.boot.autoconfigure.properties.SeataProperties] is not eligible for getting processed by all BeanPostProcessors (for example: not eligible for auto-proxying)
01:04:13:349  INFO 19140 --- [main] i.s.s.b.a.SeataAutoConfiguration         : Automatically configure Seata
01:04:13:627  INFO 19140 --- [main] io.seata.config.ConfigurationFactory     : load Configuration from :Spring Configuration
01:04:13:639  INFO 19140 --- [main] io.seata.config.ConfigurationFactory     : load Configuration from :Spring Configuration
01:04:13:796  INFO 19140 --- [main] i.s.s.a.GlobalTransactionScanner         : Initializing Global Transaction Clients ... 
01:04:13:972  INFO 19140 --- [main] i.s.core.rpc.netty.NettyClientBootstrap  : NettyClientBootstrap has started
01:04:14:264  INFO 19140 --- [main] com.alibaba.nacos.common.remote.client   : [RpcClientFactory] create a new rpc client of 5affdda2-0dc9-4229-bb9b-ef00a33249fb
01:04:14:264  INFO 19140 --- [main] com.alibaba.nacos.common.remote.client   : [5affdda2-0dc9-4229-bb9b-ef00a33249fb] RpcClient init label, labels = {module=naming, source=sdk}
01:04:14:268  INFO 19140 --- [main] com.alibaba.nacos.common.remote.client   : [5affdda2-0dc9-4229-bb9b-ef00a33249fb] RpcClient init, ServerListFactory = com.alibaba.nacos.client.naming.core.ServerListManager
01:04:14:268  INFO 19140 --- [main] com.alibaba.nacos.common.remote.client   : [5affdda2-0dc9-4229-bb9b-ef00a33249fb] Registry connection listener to current client:com.alibaba.nacos.client.naming.remote.gprc.redo.NamingGrpcRedoService
01:04:14:269  INFO 19140 --- [main] com.alibaba.nacos.common.remote.client   : [5affdda2-0dc9-4229-bb9b-ef00a33249fb] Register server push request handler:com.alibaba.nacos.client.naming.remote.gprc.NamingPushRequestHandler
01:04:14:270  INFO 19140 --- [main] com.alibaba.nacos.common.remote.client   : [5affdda2-0dc9-4229-bb9b-ef00a33249fb] Try to connect to server on start up, server: {serverIp = 'localhost', server main port = 8848}
01:04:14:406  INFO 19140 --- [main] com.alibaba.nacos.common.remote.client   : [5affdda2-0dc9-4229-bb9b-ef00a33249fb] Success to connect to server [localhost:8848] on start up, connectionId = 1728061454284_127.0.0.1_9005
01:04:14:407  INFO 19140 --- [main] com.alibaba.nacos.common.remote.client   : [5affdda2-0dc9-4229-bb9b-ef00a33249fb] Register server push request handler:com.alibaba.nacos.common.remote.client.RpcClient$ConnectResetRequestHandler
01:04:14:407  INFO 19140 --- [com.alibaba.nacos.client.remote.worker] com.alibaba.nacos.common.remote.client   : [5affdda2-0dc9-4229-bb9b-ef00a33249fb] Notify connected event to listeners.
01:04:14:408  INFO 19140 --- [main] com.alibaba.nacos.common.remote.client   : [5affdda2-0dc9-4229-bb9b-ef00a33249fb] Register server push request handler:com.alibaba.nacos.common.remote.client.RpcClient$$Lambda$472/0x0000000800520440
01:04:14:481  INFO 19140 --- [main] i.s.c.r.netty.NettyClientChannelManager  : will connect to 26.10.64.202:8099
01:04:15:013  INFO 19140 --- [nacos-grpc-client-executor-5] com.alibaba.nacos.common.remote.client   : [5affdda2-0dc9-4229-bb9b-ef00a33249fb] Receive server push request, request = NotifySubscriberRequest, requestId = 32
01:04:15:014  INFO 19140 --- [nacos-grpc-client-executor-5] com.alibaba.nacos.common.remote.client   : [5affdda2-0dc9-4229-bb9b-ef00a33249fb] Ack server push request, request = NotifySubscriberRequest, requestId = 32
01:04:15:705  INFO 19140 --- [main] i.s.core.rpc.netty.NettyPoolableFactory  : NettyPool create channel to transactionRole:TMROLE,address:26.10.64.202:8099,msg:< RegisterTMRequest{applicationId='cart-service', transactionServiceGroup='hmall'} >
01:04:17:628  INFO 19140 --- [main] i.s.c.rpc.netty.TmNettyRemotingClient    : register TM success. client version:1.5.2, server version:2.0.0,channel:[id: 0xeb59720f, L:/26.10.64.202:9012 - R:/26.10.64.202:8099]
01:04:17:641  INFO 19140 --- [main] i.s.core.rpc.netty.NettyPoolableFactory  : register success, cost 185 ms, version:2.0.0,role:TMROLE,channel:[id: 0xeb59720f, L:/26.10.64.202:9012 - R:/26.10.64.202:8099]
01:04:17:644  INFO 19140 --- [main] i.s.s.a.GlobalTransactionScanner         : Transaction Manager Client is initialized. applicationId[cart-service] txServiceGroup[hmall]
01:04:17:670  INFO 19140 --- [main] io.seata.rm.datasource.AsyncWorker       : Async Commit Buffer Limit: 10000
01:04:17:671  INFO 19140 --- [main] i.s.rm.datasource.xa.ResourceManagerXA   : ResourceManagerXA init ...
01:04:17:688  INFO 19140 --- [main] i.s.core.rpc.netty.NettyClientBootstrap  : NettyClientBootstrap has started
01:04:17:688  INFO 19140 --- [main] i.s.s.a.GlobalTransactionScanner         : Resource Manager is initialized. applicationId[cart-service] txServiceGroup[hmall]
01:04:17:688  INFO 19140 --- [main] i.s.s.a.GlobalTransactionScanner         : Global Transaction Clients are initialized. 
01:04:17:693  INFO 19140 --- [main] trationDelegate$BeanPostProcessorChecker : Bean 'io.seata.spring.boot.autoconfigure.SeataDataSourceAutoConfiguration' of type [io.seata.spring.boot.autoconfigure.SeataDataSourceAutoConfiguration] is not eligible for getting processed by all BeanPostProcessors (for example: not eligible for auto-proxying)
01:04:18:230  INFO 19140 --- [main] trationDelegate$BeanPostProcessorChecker : Bean 'com.alibaba.cloud.seata.feign.SeataFeignClientAutoConfiguration$FeignBeanPostProcessorConfiguration' of type [com.alibaba.cloud.seata.feign.SeataFeignClientAutoConfiguration$FeignBeanPostProcessorConfiguration] is not eligible for getting processed by all BeanPostProcessors (for example: not eligible for auto-proxying)
01:04:18:238  INFO 19140 --- [main] trationDelegate$BeanPostProcessorChecker : Bean 'seataFeignObjectWrapper' of type [com.alibaba.cloud.seata.feign.SeataFeignObjectWrapper] is not eligible for getting processed by all BeanPostProcessors (for example: not eligible for auto-proxying)
01:04:19:027  INFO 19140 --- [main] o.s.b.w.embedded.tomcat.TomcatWebServer  : Tomcat initialized with port(s): 8082 (http)
01:04:19:029  INFO 19140 --- [main] o.a.catalina.core.AprLifecycleListener   : Loaded Apache Tomcat Native library [1.2.39] using APR version [1.7.4].
01:04:19:030  INFO 19140 --- [main] o.a.catalina.core.AprLifecycleListener   : APR capabilities: IPv6 [true], sendfile [true], accept filters [false], random [true], UDS [true].
01:04:19:030  INFO 19140 --- [main] o.a.catalina.core.AprLifecycleListener   : APR/OpenSSL configuration: useAprConnector [false], useOpenSSL [true]
01:04:19:064  INFO 19140 --- [main] o.a.catalina.core.AprLifecycleListener   : OpenSSL successfully initialized [OpenSSL 3.0.11 19 Sep 2023]
01:04:19:086  INFO 19140 --- [main] o.apache.catalina.core.StandardService   : Starting service [Tomcat]
01:04:19:086  INFO 19140 --- [main] org.apache.catalina.core.StandardEngine  : Starting Servlet engine: [Apache Tomcat/9.0.75]
01:04:19:740  INFO 19140 --- [main] o.a.c.c.C.[Tomcat].[localhost].[/]       : Initializing Spring embedded WebApplicationContext
01:04:19:740  INFO 19140 --- [main] w.s.c.ServletWebServerApplicationContext : Root WebApplicationContext: initialization completed in 9796 ms
01:04:20:768  INFO 19140 --- [main] o.s.c.openfeign.FeignClientFactoryBean   : For 'item-service' URL not provided. Will try picking an instance via load-balancing.
01:04:21:831  INFO 19140 --- [main] com.zaxxer.hikari.HikariDataSource       : HikariPool-1 - Starting...
01:04:22:451  INFO 19140 --- [main] com.zaxxer.hikari.HikariDataSource       : HikariPool-1 - Start completed.
01:04:22:624  INFO 19140 --- [main] i.s.c.r.netty.NettyClientChannelManager  : will connect to 26.10.64.202:8099
01:04:22:624  INFO 19140 --- [main] i.s.c.rpc.netty.RmNettyRemotingClient    : RM will register :jdbc:mysql://localhost:3306/hm-cart
01:04:22:626  INFO 19140 --- [main] i.s.core.rpc.netty.NettyPoolableFactory  : NettyPool create channel to transactionRole:RMROLE,address:26.10.64.202:8099,msg:< RegisterRMRequest{resourceIds='jdbc:mysql://localhost:3306/hm-cart', applicationId='cart-service', transactionServiceGroup='hmall'} >
01:04:22:676  INFO 19140 --- [main] i.s.c.rpc.netty.RmNettyRemotingClient    : register RM success. client version:1.5.2, server version:2.0.0,channel:[id: 0x1defe6d5, L:/26.10.64.202:9030 - R:/26.10.64.202:8099]
01:04:22:677  INFO 19140 --- [main] i.s.core.rpc.netty.NettyPoolableFactory  : register success, cost 46 ms, version:2.0.0,role:RMROLE,channel:[id: 0x1defe6d5, L:/26.10.64.202:9030 - R:/26.10.64.202:8099]
01:04:28:199  INFO 19140 --- [main] c.a.c.sentinel.SentinelWebMvcConfigurer  : [Sentinel Starter] register SentinelWebInterceptor with urlPatterns: [/**].
01:04:31:967  INFO 19140 --- [main] o.s.cloud.commons.util.InetUtils         : Cannot determine local hostname
01:04:32:191  INFO 19140 --- [main] pertySourcedRequestMappingHandlerMapping : Mapped URL path [/v2/api-docs] onto method [springfox.documentation.swagger2.web.Swagger2ControllerWebMvc#getDocumentation(String, HttpServletRequest)]
01:04:35:789  INFO 19140 --- [main] o.s.cloud.commons.util.InetUtils         : Cannot determine local hostname
01:04:36:605  INFO 19140 --- [main] com.alibaba.nacos.common.remote.client   : [RpcClientFactory] create a new rpc client of 7de7e2d9-cb0c-421f-9b5d-bddd22edef67
01:04:36:605  INFO 19140 --- [main] com.alibaba.nacos.common.remote.client   : [7de7e2d9-cb0c-421f-9b5d-bddd22edef67] RpcClient init label, labels = {module=naming, source=sdk}
01:04:36:606  INFO 19140 --- [main] com.alibaba.nacos.common.remote.client   : [7de7e2d9-cb0c-421f-9b5d-bddd22edef67] RpcClient init, ServerListFactory = com.alibaba.nacos.client.naming.core.ServerListManager
01:04:36:606  INFO 19140 --- [main] com.alibaba.nacos.common.remote.client   : [7de7e2d9-cb0c-421f-9b5d-bddd22edef67] Registry connection listener to current client:com.alibaba.nacos.client.naming.remote.gprc.redo.NamingGrpcRedoService
01:04:36:606  INFO 19140 --- [main] com.alibaba.nacos.common.remote.client   : [7de7e2d9-cb0c-421f-9b5d-bddd22edef67] Register server push request handler:com.alibaba.nacos.client.naming.remote.gprc.NamingPushRequestHandler
01:04:36:607  INFO 19140 --- [main] com.alibaba.nacos.common.remote.client   : [7de7e2d9-cb0c-421f-9b5d-bddd22edef67] Try to connect to server on start up, server: {serverIp = 'localhost', server main port = 8848}
01:04:36:754  INFO 19140 --- [main] com.alibaba.nacos.common.remote.client   : [7de7e2d9-cb0c-421f-9b5d-bddd22edef67] Success to connect to server [localhost:8848] on start up, connectionId = 1728061476626_127.0.0.1_9117
01:04:36:754  INFO 19140 --- [main] com.alibaba.nacos.common.remote.client   : [7de7e2d9-cb0c-421f-9b5d-bddd22edef67] Register server push request handler:com.alibaba.nacos.common.remote.client.RpcClient$ConnectResetRequestHandler
01:04:36:754  INFO 19140 --- [com.alibaba.nacos.client.remote.worker] com.alibaba.nacos.common.remote.client   : [7de7e2d9-cb0c-421f-9b5d-bddd22edef67] Notify connected event to listeners.
01:04:36:754  INFO 19140 --- [main] com.alibaba.nacos.common.remote.client   : [7de7e2d9-cb0c-421f-9b5d-bddd22edef67] Register server push request handler:com.alibaba.nacos.common.remote.client.RpcClient$$Lambda$472/0x0000000800520440
01:04:36:794  INFO 19140 --- [main] o.s.b.w.embedded.tomcat.TomcatWebServer  : Tomcat started on port(s): 8082 (http) with context path ''
01:04:36:856  INFO 19140 --- [main] c.a.c.n.registry.NacosServiceRegistry    : nacos registry, DEFAULT_GROUP cart-service 26.10.64.202:8082 register finished
01:04:37:349  INFO 19140 --- [nacos-grpc-client-executor-6] com.alibaba.nacos.common.remote.client   : [7de7e2d9-cb0c-421f-9b5d-bddd22edef67] Receive server push request, request = NotifySubscriberRequest, requestId = 35
01:04:37:354  INFO 19140 --- [nacos-grpc-client-executor-6] com.alibaba.nacos.common.remote.client   : [7de7e2d9-cb0c-421f-9b5d-bddd22edef67] Ack server push request, request = NotifySubscriberRequest, requestId = 35
01:04:39:958  INFO 19140 --- [main] o.s.cloud.commons.util.InetUtils         : Cannot determine local hostname
01:04:39:960  INFO 19140 --- [main] d.s.w.p.DocumentationPluginsBootstrapper : Documentation plugins bootstrapped
01:04:39:966  INFO 19140 --- [main] d.s.w.p.DocumentationPluginsBootstrapper : Found 1 custom documentation plugin(s)
01:04:40:033  INFO 19140 --- [main] s.d.s.w.s.ApiListingReferenceScanner     : Scanning for api listing references
01:04:40:309  INFO 19140 --- [main] o.s.a.r.c.CachingConnectionFactory       : Attempting to connect to: [localhost:5672]
01:04:40:426  INFO 19140 --- [main] o.s.a.r.c.CachingConnectionFactory       : Created new connection: rabbitConnectionFactory#6bf27411:0/SimpleConnection@26acbc9d [delegate=amqp://hmall@127.0.0.1:5672//hmall, localPort= 9129]
01:04:40:695  INFO 19140 --- [main] com.hmall.cart.CartApplication           : Started CartApplication in 44.309 seconds (JVM running for 46.613)
01:04:40:709  INFO 19140 --- [main] c.a.c.n.refresh.NacosContextRefresher    : [Nacos Config] Listening config: dataId=cart-service, group=DEFAULT_GROUP
01:04:40:711  INFO 19140 --- [main] c.a.c.n.refresh.NacosContextRefresher    : [Nacos Config] Listening config: dataId=cart-service.yaml, group=DEFAULT_GROUP
01:04:40:712  INFO 19140 --- [main] c.a.c.n.refresh.NacosContextRefresher    : [Nacos Config] Listening config: dataId=cart-service-dev.yaml, group=DEFAULT_GROUP
01:06:03:500  INFO 19140 --- [http-nio-8082-exec-2] o.a.c.c.C.[Tomcat].[localhost].[/]       : Initializing Spring DispatcherServlet 'dispatcherServlet'
01:06:03:501  INFO 19140 --- [http-nio-8082-exec-2] o.s.web.servlet.DispatcherServlet        : Initializing Servlet 'dispatcherServlet'
01:06:03:505  INFO 19140 --- [http-nio-8082-exec-2] o.s.web.servlet.DispatcherServlet        : Completed initialization in 4 ms
01:06:04:100 DEBUG 19140 --- [http-nio-8082-exec-2] c.h.cart.mapper.CartMapper.selectList    : ==>  Preparing: SELECT id,user_id,item_id,num,name,spec,price,image,create_time,update_time FROM cart WHERE (user_id = ?)
01:06:04:146 DEBUG 19140 --- [http-nio-8082-exec-2] c.h.cart.mapper.CartMapper.selectList    : ==> Parameters: 1(Long)
01:06:04:196 DEBUG 19140 --- [http-nio-8082-exec-2] c.h.cart.mapper.CartMapper.selectList    : <==      Total: 0
01:06:21:903 DEBUG 19140 --- [http-nio-8082-exec-3] c.h.cart.mapper.CartMapper.selectCount   : ==>  Preparing: SELECT COUNT( * ) FROM cart WHERE (user_id = ? AND item_id = ?)
01:06:21:904 DEBUG 19140 --- [http-nio-8082-exec-3] c.h.cart.mapper.CartMapper.selectCount   : ==> Parameters: 1(Long), 1533902(Long)
01:06:21:908 DEBUG 19140 --- [http-nio-8082-exec-3] c.h.cart.mapper.CartMapper.selectCount   : <==      Total: 1
01:06:21:913 DEBUG 19140 --- [http-nio-8082-exec-3] c.h.cart.mapper.CartMapper.selectCount   : ==>  Preparing: SELECT COUNT( * ) FROM cart WHERE (user_id = ?)
01:06:21:914 DEBUG 19140 --- [http-nio-8082-exec-3] c.h.cart.mapper.CartMapper.selectCount   : ==> Parameters: 1(Long)
01:06:21:916 DEBUG 19140 --- [http-nio-8082-exec-3] c.h.cart.mapper.CartMapper.selectCount   : <==      Total: 1
01:06:21:991 DEBUG 19140 --- [http-nio-8082-exec-3] com.hmall.cart.mapper.CartMapper.insert  : ==>  Preparing: INSERT INTO cart ( user_id, item_id, name, spec, price, image ) VALUES ( ?, ?, ?, ?, ?, ? )
01:06:21:993 DEBUG 19140 --- [http-nio-8082-exec-3] com.hmall.cart.mapper.CartMapper.insert  : ==> Parameters: 1(Long), 1533902(Long), 新西兰进口牛奶 纽仕兰 3.5g蛋白质全脂牛奶 250ml*24整箱装纯牛奶(String), {}(String), 9700(Integer), https://m.360buyimg.com/mobilecms/s720x720_jfs/t3526/295/888755633/189982/16ea21b4/5816dce5N70820f42.jpg!q70.jpg.webp(String)
01:06:22:002 DEBUG 19140 --- [http-nio-8082-exec-3] com.hmall.cart.mapper.CartMapper.insert  : <==    Updates: 1
01:06:22:164 DEBUG 19140 --- [http-nio-8082-exec-6] c.h.cart.mapper.CartMapper.selectList    : ==>  Preparing: SELECT id,user_id,item_id,num,name,spec,price,image,create_time,update_time FROM cart WHERE (user_id = ?)
01:06:22:165 DEBUG 19140 --- [http-nio-8082-exec-6] c.h.cart.mapper.CartMapper.selectList    : ==> Parameters: 1(Long)
01:06:22:171 DEBUG 19140 --- [http-nio-8082-exec-6] c.h.cart.mapper.CartMapper.selectList    : <==      Total: 1
01:06:22:188 DEBUG 19140 --- [http-nio-8082-exec-6] com.hmall.api.client.ItemClient          : [ItemClient#queryItemByIds] ---> GET http://item-service/items?ids=1533902 HTTP/1.1
01:06:22:188 DEBUG 19140 --- [http-nio-8082-exec-6] com.hmall.api.client.ItemClient          : [ItemClient#queryItemByIds] user-info: 1
01:06:22:189 DEBUG 19140 --- [http-nio-8082-exec-6] com.hmall.api.client.ItemClient          : [ItemClient#queryItemByIds] ---> END HTTP (0-byte body)
01:06:22:640 DEBUG 19140 --- [http-nio-8082-exec-6] com.hmall.api.client.ItemClient          : [ItemClient#queryItemByIds] <--- HTTP/1.1 200  (450ms)
01:06:22:640 DEBUG 19140 --- [http-nio-8082-exec-6] com.hmall.api.client.ItemClient          : [ItemClient#queryItemByIds] connection: keep-alive
01:06:22:640 DEBUG 19140 --- [http-nio-8082-exec-6] com.hmall.api.client.ItemClient          : [ItemClient#queryItemByIds] content-type: application/json
01:06:22:640 DEBUG 19140 --- [http-nio-8082-exec-6] com.hmall.api.client.ItemClient          : [ItemClient#queryItemByIds] date: Fri, 04 Oct 2024 17:06:22 GMT
01:06:22:640 DEBUG 19140 --- [http-nio-8082-exec-6] com.hmall.api.client.ItemClient          : [ItemClient#queryItemByIds] keep-alive: timeout=60
01:06:22:640 DEBUG 19140 --- [http-nio-8082-exec-6] com.hmall.api.client.ItemClient          : [ItemClient#queryItemByIds] transfer-encoding: chunked
01:06:22:640 DEBUG 19140 --- [http-nio-8082-exec-6] com.hmall.api.client.ItemClient          : [ItemClient#queryItemByIds] 
01:06:22:641 DEBUG 19140 --- [http-nio-8082-exec-6] com.hmall.api.client.ItemClient          : [ItemClient#queryItemByIds] [{"id":"1533902","name":"新西兰进口牛奶 纽仕兰 3.5g蛋白质全脂牛奶 250ml*24整箱装纯牛奶","price":9700,"stock":9991,"image":"https://m.360buyimg.com/mobilecms/s720x720_jfs/t3526/295/888755633/189982/16ea21b4/5816dce5N70820f42.jpg!q70.jpg.webp","category":"牛奶","brand":"纽仕兰","spec":"{}","sold":0,"commentCount":0,"isAD":false,"status":1}]
01:06:22:642 DEBUG 19140 --- [http-nio-8082-exec-6] com.hmall.api.client.ItemClient          : [ItemClient#queryItemByIds] <--- END HTTP (368-byte body)
01:06:23:008  INFO 19140 --- [nacos-grpc-client-executor-30] com.alibaba.nacos.common.remote.client   : [7de7e2d9-cb0c-421f-9b5d-bddd22edef67] Receive server push request, request = NotifySubscriberRequest, requestId = 48
01:06:23:008  INFO 19140 --- [nacos-grpc-client-executor-30] com.alibaba.nacos.common.remote.client   : [7de7e2d9-cb0c-421f-9b5d-bddd22edef67] Ack server push request, request = NotifySubscriberRequest, requestId = 48
01:06:27:624 DEBUG 19140 --- [org.springframework.amqp.rabbit.RabbitListenerEndpointContainer#0-1] com.hmall.cart.mapper.CartMapper.delete  : ==>  Preparing: DELETE FROM cart WHERE (user_id = ? AND item_id IN (?))
01:06:27:625 DEBUG 19140 --- [org.springframework.amqp.rabbit.RabbitListenerEndpointContainer#0-1] com.hmall.cart.mapper.CartMapper.delete  : ==> Parameters: 1(Long), 1533902(Long)
01:06:27:630 DEBUG 19140 --- [org.springframework.amqp.rabbit.RabbitListenerEndpointContainer#0-1] com.hmall.cart.mapper.CartMapper.delete  : <==    Updates: 1
01:06:52:694 DEBUG 19140 --- [http-nio-8082-exec-7] c.h.cart.mapper.CartMapper.selectList    : ==>  Preparing: SELECT id,user_id,item_id,num,name,spec,price,image,create_time,update_time FROM cart WHERE (user_id = ?)
01:06:52:694 DEBUG 19140 --- [http-nio-8082-exec-7] c.h.cart.mapper.CartMapper.selectList    : ==> Parameters: 1(Long)
01:06:52:696 DEBUG 19140 --- [http-nio-8082-exec-7] c.h.cart.mapper.CartMapper.selectList    : <==      Total: 0
01:08:49:898  WARN 19140 --- [Thread-5] c.a.nacos.common.notify.NotifyCenter     : [NotifyCenter] Start destroying Publisher
01:08:49:898  WARN 19140 --- [Thread-5] c.a.nacos.common.notify.NotifyCenter     : [NotifyCenter] Destruction of the end
01:08:49:899  WARN 19140 --- [Thread-1] c.a.n.common.http.HttpClientBeanHolder   : [HttpClientBeanHolder] Start destroying common HttpClient
01:08:49:900  WARN 19140 --- [Thread-1] c.a.n.common.http.HttpClientBeanHolder   : [HttpClientBeanHolder] Destruction of the end
01:08:49:909  INFO 19140 --- [org.springframework.amqp.rabbit.RabbitListenerEndpointContainer#0-2] o.s.a.r.l.SimpleMessageListenerContainer : Waiting for workers to finish.
01:08:50:276  INFO 19140 --- [org.springframework.amqp.rabbit.RabbitListenerEndpointContainer#0-2] o.s.a.r.l.SimpleMessageListenerContainer : Successfully waited for workers to finish.
01:08:51:035  INFO 19140 --- [SpringContextShutdownHook] c.a.c.n.registry.NacosServiceRegistry    : De-registering from Nacos Server now...
01:08:51:038  INFO 19140 --- [SpringContextShutdownHook] c.a.c.n.registry.NacosServiceRegistry    : De-registration finished.
01:08:51:284  INFO 19140 --- [nacos-grpc-client-executor-62] com.alibaba.nacos.common.remote.client   : [7de7e2d9-cb0c-421f-9b5d-bddd22edef67] Receive server push request, request = NotifySubscriberRequest, requestId = 52
01:08:51:290  INFO 19140 --- [nacos-grpc-client-executor-62] com.alibaba.nacos.common.remote.client   : [7de7e2d9-cb0c-421f-9b5d-bddd22edef67] Ack server push request, request = NotifySubscriberRequest, requestId = 52
01:08:51:363  INFO 19140 --- [SpringContextShutdownHook] com.alibaba.nacos.common.remote.client   : Shutdown rpc client, set status to shutdown
01:08:51:364  INFO 19140 --- [SpringContextShutdownHook] com.alibaba.nacos.common.remote.client   : Shutdown client event executor java.util.concurrent.ScheduledThreadPoolExecutor@5810805b[Running, pool size = 2, active threads = 2, queued tasks = 0, completed tasks = 0]
01:08:51:364  INFO 19140 --- [SpringContextShutdownHook] com.alibaba.nacos.common.remote.client   : Close current connection 1728061476626_127.0.0.1_9117
01:08:51:367  INFO 19140 --- [nacos-grpc-client-executor-63] c.a.n.c.remote.client.grpc.GrpcClient    : [1728061476626_127.0.0.1_9117]Ignore complete event,isRunning:false,isAbandon=false
01:08:51:380  INFO 19140 --- [SpringContextShutdownHook] c.a.n.c.remote.client.grpc.GrpcClient    : Shutdown grpc executor java.util.concurrent.ThreadPoolExecutor@61e00ec1[Running, pool size = 5, active threads = 0, queued tasks = 0, completed tasks = 64]
01:08:51:398  INFO 19140 --- [SpringContextShutdownHook] com.zaxxer.hikari.HikariDataSource       : HikariPool-1 - Shutdown initiated...
01:08:51:434  INFO 19140 --- [SpringContextShutdownHook] com.zaxxer.hikari.HikariDataSource       : HikariPool-1 - Shutdown completed.
01:08:51:438  INFO 19140 --- [SpringContextShutdownHook] o.s.a.r.l.SimpleMessageListenerContainer : Shutdown ignored - container is already stopped
01:08:51:442  INFO 19140 --- [NettyClientSelector_RMROLE_1_1] i.s.c.r.n.AbstractNettyRemotingClient    : channel inactive: [id: 0x1defe6d5, L:/26.10.64.202:9030 ! R:/26.10.64.202:8099]
01:08:51:443  INFO 19140 --- [NettyClientSelector_RMROLE_1_1] i.s.c.r.netty.NettyClientChannelManager  : return to pool, rm channel:[id: 0x1defe6d5, L:/26.10.64.202:9030 ! R:/26.10.64.202:8099]
01:08:51:443  INFO 19140 --- [NettyClientSelector_RMROLE_1_1] i.s.core.rpc.netty.NettyPoolableFactory  : channel valid false,channel:[id: 0x1defe6d5, L:/26.10.64.202:9030 ! R:/26.10.64.202:8099]
01:08:51:444  INFO 19140 --- [NettyClientSelector_RMROLE_1_1] i.s.core.rpc.netty.NettyPoolableFactory  : will destroy channel:[id: 0x1defe6d5, L:/26.10.64.202:9030 ! R:/26.10.64.202:8099]
01:08:51:444  INFO 19140 --- [NettyClientSelector_RMROLE_1_1] i.s.c.r.n.AbstractNettyRemotingClient    : ChannelHandlerContext(AbstractNettyRemotingClient$ClientHandler#0, [id: 0x1defe6d5, L:/26.10.64.202:9030 ! R:/26.10.64.202:8099]) will closed
01:08:51:444  INFO 19140 --- [NettyClientSelector_RMROLE_1_1] i.s.c.r.n.AbstractNettyRemotingClient    : ChannelHandlerContext(AbstractNettyRemotingClient$ClientHandler#0, [id: 0x1defe6d5, L:/26.10.64.202:9030 ! R:/26.10.64.202:8099]) will closed
