2025-03-14 07:26:38.398  WARN --- [                          main] i.s.s.s.db.store.LogStoreDataBaseDAO     : global_table table or TRANSACTION_NAME column not found
2025-03-14 07:26:43.430  WARN --- [rkJoinPool.commonPool-worker-1] com.alibaba.druid.pool.DruidDataSource   : get connection timeout retry : 1
2025-03-14 07:26:43.511  WARN --- [           AsyncCommitting_1_1] com.alibaba.druid.pool.DruidDataSource   : get connection timeout retry : 1
2025-03-14 07:26:43.511  WARN --- [            TxTimeoutCheck_1_1] com.alibaba.druid.pool.DruidDataSource   : get connection timeout retry : 1
2025-03-14 07:26:43.511  WARN --- [          RetryRollbacking_1_1] com.alibaba.druid.pool.DruidDataSource   : get connection timeout retry : 1
2025-03-14 07:26:43.511  WARN --- [           RetryCommitting_1_1] com.alibaba.druid.pool.DruidDataSource   : get connection timeout retry : 1
2025-03-14 07:26:53.550  WARN --- [           RetryCommitting_1_1] com.alibaba.druid.pool.DruidDataSource   : get connection timeout retry : 1
2025-03-14 07:26:53.557  WARN --- [           AsyncCommitting_1_1] com.alibaba.druid.pool.DruidDataSource   : get connection timeout retry : 1
2025-03-14 07:26:53.558  WARN --- [            TxTimeoutCheck_1_1] com.alibaba.druid.pool.DruidDataSource   : get connection timeout retry : 1
2025-03-14 07:26:53.559  WARN --- [          RetryRollbacking_1_1] com.alibaba.druid.pool.DruidDataSource   : get connection timeout retry : 1
2025-03-14 07:27:03.596  WARN --- [           RetryCommitting_1_1] com.alibaba.druid.pool.DruidDataSource   : get connection timeout retry : 1
2025-03-14 07:27:03.601  WARN --- [            TxTimeoutCheck_1_1] com.alibaba.druid.pool.DruidDataSource   : get connection timeout retry : 1
2025-03-14 07:27:03.602  WARN --- [           AsyncCommitting_1_1] com.alibaba.druid.pool.DruidDataSource   : get connection timeout retry : 1
2025-03-14 07:27:03.607  WARN --- [          RetryRollbacking_1_1] com.alibaba.druid.pool.DruidDataSource   : get connection timeout retry : 1
2025-03-14 07:27:13.633  WARN --- [           RetryCommitting_1_1] com.alibaba.druid.pool.DruidDataSource   : get connection timeout retry : 1
2025-03-14 07:27:13.650  WARN --- [            TxTimeoutCheck_1_1] com.alibaba.druid.pool.DruidDataSource   : get connection timeout retry : 1
2025-03-14 07:27:13.667  WARN --- [          RetryRollbacking_1_1] com.alibaba.druid.pool.DruidDataSource   : get connection timeout retry : 1
2025-03-14 07:27:13.667  WARN --- [           AsyncCommitting_1_1] com.alibaba.druid.pool.DruidDataSource   : get connection timeout retry : 1
2025-03-14 07:27:23.670  WARN --- [           RetryCommitting_1_1] com.alibaba.druid.pool.DruidDataSource   : get connection timeout retry : 1
2025-03-14 07:27:23.684  WARN --- [            TxTimeoutCheck_1_1] com.alibaba.druid.pool.DruidDataSource   : get connection timeout retry : 1
2025-03-14 07:27:23.698  WARN --- [           AsyncCommitting_1_1] com.alibaba.druid.pool.DruidDataSource   : get connection timeout retry : 1
2025-03-14 07:27:23.700  WARN --- [          RetryRollbacking_1_1] com.alibaba.druid.pool.DruidDataSource   : get connection timeout retry : 1
2025-03-14 07:27:33.701  WARN --- [           RetryCommitting_1_1] com.alibaba.druid.pool.DruidDataSource   : get connection timeout retry : 1
2025-03-14 07:27:33.715  WARN --- [            TxTimeoutCheck_1_1] com.alibaba.druid.pool.DruidDataSource   : get connection timeout retry : 1
2025-03-14 07:27:33.724  WARN --- [           AsyncCommitting_1_1] com.alibaba.druid.pool.DruidDataSource   : get connection timeout retry : 1
2025-03-14 07:27:33.729  WARN --- [          RetryRollbacking_1_1] com.alibaba.druid.pool.DruidDataSource   : get connection timeout retry : 1
2025-03-14 07:27:43.765  WARN --- [           RetryCommitting_1_1] com.alibaba.druid.pool.DruidDataSource   : get connection timeout retry : 1
2025-03-14 07:27:43.774  WARN --- [           AsyncCommitting_1_1] com.alibaba.druid.pool.DruidDataSource   : get connection timeout retry : 1
2025-03-14 07:27:43.781  WARN --- [            TxTimeoutCheck_1_1] com.alibaba.druid.pool.DruidDataSource   : get connection timeout retry : 1
2025-03-14 07:27:43.790  WARN --- [          RetryRollbacking_1_1] com.alibaba.druid.pool.DruidDataSource   : get connection timeout retry : 1
2025-03-14 07:27:53.808  WARN --- [           RetryCommitting_1_1] com.alibaba.druid.pool.DruidDataSource   : get connection timeout retry : 1
2025-03-14 07:27:53.811  WARN --- [           AsyncCommitting_1_1] com.alibaba.druid.pool.DruidDataSource   : get connection timeout retry : 1
2025-03-14 07:27:53.819  WARN --- [            TxTimeoutCheck_1_1] com.alibaba.druid.pool.DruidDataSource   : get connection timeout retry : 1
2025-03-14 07:27:53.823  WARN --- [          RetryRollbacking_1_1] com.alibaba.druid.pool.DruidDataSource   : get connection timeout retry : 1
2025-03-14 07:28:03.840  WARN --- [           RetryCommitting_1_1] com.alibaba.druid.pool.DruidDataSource   : get connection timeout retry : 1
2025-03-14 07:28:03.844  WARN --- [           AsyncCommitting_1_1] com.alibaba.druid.pool.DruidDataSource   : get connection timeout retry : 1
2025-03-14 07:28:03.849  WARN --- [            TxTimeoutCheck_1_1] com.alibaba.druid.pool.DruidDataSource   : get connection timeout retry : 1
2025-03-14 07:28:03.850  WARN --- [          RetryRollbacking_1_1] com.alibaba.druid.pool.DruidDataSource   : get connection timeout retry : 1
2025-03-14 07:28:13.869  WARN --- [           RetryCommitting_1_1] com.alibaba.druid.pool.DruidDataSource   : get connection timeout retry : 1
2025-03-14 07:28:13.872  WARN --- [           AsyncCommitting_1_1] com.alibaba.druid.pool.DruidDataSource   : get connection timeout retry : 1
2025-03-14 07:28:13.877  WARN --- [          RetryRollbacking_1_1] com.alibaba.druid.pool.DruidDataSource   : get connection timeout retry : 1
2025-03-14 07:28:13.880  WARN --- [            TxTimeoutCheck_1_1] com.alibaba.druid.pool.DruidDataSource   : get connection timeout retry : 1
2025-03-14 07:28:23.929  WARN --- [           RetryCommitting_1_1] com.alibaba.druid.pool.DruidDataSource   : get connection timeout retry : 1
2025-03-14 07:28:23.941  WARN --- [           AsyncCommitting_1_1] com.alibaba.druid.pool.DruidDataSource   : get connection timeout retry : 1
2025-03-14 07:28:23.946  WARN --- [            TxTimeoutCheck_1_1] com.alibaba.druid.pool.DruidDataSource   : get connection timeout retry : 1
2025-03-14 07:28:23.946  WARN --- [          RetryRollbacking_1_1] com.alibaba.druid.pool.DruidDataSource   : get connection timeout retry : 1
2025-03-14 07:28:33.953  WARN --- [           RetryCommitting_1_1] com.alibaba.druid.pool.DruidDataSource   : get connection timeout retry : 1
2025-03-14 07:28:33.960  WARN --- [           AsyncCommitting_1_1] com.alibaba.druid.pool.DruidDataSource   : get connection timeout retry : 1
2025-03-14 07:28:34.051  WARN --- [            TxTimeoutCheck_1_1] com.alibaba.druid.pool.DruidDataSource   : get connection timeout retry : 1
2025-03-14 07:28:34.088  WARN --- [          RetryRollbacking_1_1] com.alibaba.druid.pool.DruidDataSource   : get connection timeout retry : 1
2025-03-14 07:28:43.984  WARN --- [           RetryCommitting_1_1] com.alibaba.druid.pool.DruidDataSource   : get connection timeout retry : 1
2025-03-14 07:28:43.992  WARN --- [           AsyncCommitting_1_1] com.alibaba.druid.pool.DruidDataSource   : get connection timeout retry : 1
2025-03-14 07:28:44.070  WARN --- [            TxTimeoutCheck_1_1] com.alibaba.druid.pool.DruidDataSource   : get connection timeout retry : 1
2025-03-14 07:28:44.121  WARN --- [          RetryRollbacking_1_1] com.alibaba.druid.pool.DruidDataSource   : get connection timeout retry : 1
2025-03-14 07:28:54.013  WARN --- [           RetryCommitting_1_1] com.alibaba.druid.pool.DruidDataSource   : get connection timeout retry : 1
2025-03-14 07:28:54.017  WARN --- [           AsyncCommitting_1_1] com.alibaba.druid.pool.DruidDataSource   : get connection timeout retry : 1
2025-03-14 07:28:54.096  WARN --- [            TxTimeoutCheck_1_1] com.alibaba.druid.pool.DruidDataSource   : get connection timeout retry : 1
2025-03-14 07:28:54.141  WARN --- [          RetryRollbacking_1_1] com.alibaba.druid.pool.DruidDataSource   : get connection timeout retry : 1
2025-03-14 07:29:04.035  WARN --- [           RetryCommitting_1_1] com.alibaba.druid.pool.DruidDataSource   : get connection timeout retry : 1
2025-03-14 07:29:04.038  WARN --- [           AsyncCommitting_1_1] com.alibaba.druid.pool.DruidDataSource   : get connection timeout retry : 1
2025-03-14 07:29:04.123  WARN --- [            TxTimeoutCheck_1_1] com.alibaba.druid.pool.DruidDataSource   : get connection timeout retry : 1
2025-03-14 07:29:04.161  WARN --- [          RetryRollbacking_1_1] com.alibaba.druid.pool.DruidDataSource   : get connection timeout retry : 1
2025-03-14 07:29:14.064  WARN --- [           RetryCommitting_1_1] com.alibaba.druid.pool.DruidDataSource   : get connection timeout retry : 1
2025-03-14 07:29:14.069  WARN --- [           AsyncCommitting_1_1] com.alibaba.druid.pool.DruidDataSource   : get connection timeout retry : 1
2025-03-14 07:29:14.150  WARN --- [            TxTimeoutCheck_1_1] com.alibaba.druid.pool.DruidDataSource   : get connection timeout retry : 1
2025-03-14 07:29:14.183  WARN --- [          RetryRollbacking_1_1] com.alibaba.druid.pool.DruidDataSource   : get connection timeout retry : 1
2025-03-14 07:29:24.090  WARN --- [           RetryCommitting_1_1] com.alibaba.druid.pool.DruidDataSource   : get connection timeout retry : 1
2025-03-14 07:29:24.097  WARN --- [           AsyncCommitting_1_1] com.alibaba.druid.pool.DruidDataSource   : get connection timeout retry : 1
2025-03-14 07:29:24.171  WARN --- [            TxTimeoutCheck_1_1] com.alibaba.druid.pool.DruidDataSource   : get connection timeout retry : 1
2025-03-14 07:29:24.204  WARN --- [          RetryRollbacking_1_1] com.alibaba.druid.pool.DruidDataSource   : get connection timeout retry : 1
2025-03-14 07:29:34.133  WARN --- [           AsyncCommitting_1_1] com.alibaba.druid.pool.DruidDataSource   : get connection timeout retry : 1
2025-03-14 07:29:34.136  WARN --- [           RetryCommitting_1_1] com.alibaba.druid.pool.DruidDataSource   : get connection timeout retry : 1
2025-03-14 07:29:34.196  WARN --- [            TxTimeoutCheck_1_1] com.alibaba.druid.pool.DruidDataSource   : get connection timeout retry : 1
2025-03-14 07:29:34.224  WARN --- [          RetryRollbacking_1_1] com.alibaba.druid.pool.DruidDataSource   : get connection timeout retry : 1
2025-03-14 07:29:43.493  WARN --- [             UndologDelete_1_1] com.alibaba.druid.pool.DruidDataSource   : get connection timeout retry : 1
2025-03-14 07:29:44.165  WARN --- [           AsyncCommitting_1_1] com.alibaba.druid.pool.DruidDataSource   : get connection timeout retry : 1
2025-03-14 07:29:44.167  WARN --- [           RetryCommitting_1_1] com.alibaba.druid.pool.DruidDataSource   : get connection timeout retry : 1
2025-03-14 07:29:44.221  WARN --- [            TxTimeoutCheck_1_1] com.alibaba.druid.pool.DruidDataSource   : get connection timeout retry : 1
2025-03-14 07:29:44.250  WARN --- [          RetryRollbacking_1_1] com.alibaba.druid.pool.DruidDataSource   : get connection timeout retry : 1
2025-03-14 07:29:54.199  WARN --- [           AsyncCommitting_1_1] com.alibaba.druid.pool.DruidDataSource   : get connection timeout retry : 1
2025-03-14 07:29:54.200  WARN --- [           RetryCommitting_1_1] com.alibaba.druid.pool.DruidDataSource   : get connection timeout retry : 1
2025-03-14 07:29:54.244  WARN --- [            TxTimeoutCheck_1_1] com.alibaba.druid.pool.DruidDataSource   : get connection timeout retry : 1
2025-03-14 07:29:54.268  WARN --- [          RetryRollbacking_1_1] com.alibaba.druid.pool.DruidDataSource   : get connection timeout retry : 1
2025-03-14 07:30:04.235  WARN --- [           AsyncCommitting_1_1] com.alibaba.druid.pool.DruidDataSource   : get connection timeout retry : 1
2025-03-14 07:30:04.237  WARN --- [           RetryCommitting_1_1] com.alibaba.druid.pool.DruidDataSource   : get connection timeout retry : 1
2025-03-14 07:30:04.266  WARN --- [            TxTimeoutCheck_1_1] com.alibaba.druid.pool.DruidDataSource   : get connection timeout retry : 1
2025-03-14 07:30:04.290  WARN --- [          RetryRollbacking_1_1] com.alibaba.druid.pool.DruidDataSource   : get connection timeout retry : 1
2025-03-14 07:30:14.261  WARN --- [           AsyncCommitting_1_1] com.alibaba.druid.pool.DruidDataSource   : get connection timeout retry : 1
2025-03-14 07:30:14.262  WARN --- [           RetryCommitting_1_1] com.alibaba.druid.pool.DruidDataSource   : get connection timeout retry : 1
2025-03-14 07:30:14.289  WARN --- [            TxTimeoutCheck_1_1] com.alibaba.druid.pool.DruidDataSource   : get connection timeout retry : 1
2025-03-14 07:30:14.317  WARN --- [          RetryRollbacking_1_1] com.alibaba.druid.pool.DruidDataSource   : get connection timeout retry : 1
2025-03-14 07:30:24.295  WARN --- [           AsyncCommitting_1_1] com.alibaba.druid.pool.DruidDataSource   : get connection timeout retry : 1
2025-03-14 07:30:24.296  WARN --- [           RetryCommitting_1_1] com.alibaba.druid.pool.DruidDataSource   : get connection timeout retry : 1
2025-03-14 07:30:24.312  WARN --- [            TxTimeoutCheck_1_1] com.alibaba.druid.pool.DruidDataSource   : get connection timeout retry : 1
2025-03-14 07:30:24.330  WARN --- [          RetryRollbacking_1_1] com.alibaba.druid.pool.DruidDataSource   : get connection timeout retry : 1
2025-03-14 07:30:34.325  WARN --- [           AsyncCommitting_1_1] com.alibaba.druid.pool.DruidDataSource   : get connection timeout retry : 1
2025-03-14 07:30:34.326  WARN --- [           RetryCommitting_1_1] com.alibaba.druid.pool.DruidDataSource   : get connection timeout retry : 1
2025-03-14 07:30:34.339  WARN --- [            TxTimeoutCheck_1_1] com.alibaba.druid.pool.DruidDataSource   : get connection timeout retry : 1
2025-03-14 07:30:34.350  WARN --- [          RetryRollbacking_1_1] com.alibaba.druid.pool.DruidDataSource   : get connection timeout retry : 1
2025-03-14 07:30:44.353  WARN --- [           AsyncCommitting_1_1] com.alibaba.druid.pool.DruidDataSource   : get connection timeout retry : 1
2025-03-14 07:30:44.355  WARN --- [           RetryCommitting_1_1] com.alibaba.druid.pool.DruidDataSource   : get connection timeout retry : 1
2025-03-14 07:30:44.360  WARN --- [            TxTimeoutCheck_1_1] com.alibaba.druid.pool.DruidDataSource   : get connection timeout retry : 1
2025-03-14 07:30:44.366  WARN --- [          RetryRollbacking_1_1] com.alibaba.druid.pool.DruidDataSource   : get connection timeout retry : 1
2025-03-14 07:30:54.408  WARN --- [           RetryCommitting_1_1] com.alibaba.druid.pool.DruidDataSource   : get connection timeout retry : 1
2025-03-14 07:30:54.408  WARN --- [            TxTimeoutCheck_1_1] com.alibaba.druid.pool.DruidDataSource   : get connection timeout retry : 1
2025-03-14 07:30:54.414  WARN --- [           AsyncCommitting_1_1] com.alibaba.druid.pool.DruidDataSource   : get connection timeout retry : 1
2025-03-14 07:30:54.419  WARN --- [          RetryRollbacking_1_1] com.alibaba.druid.pool.DruidDataSource   : get connection timeout retry : 1
2025-03-14 07:31:04.438  WARN --- [           RetryCommitting_1_1] com.alibaba.druid.pool.DruidDataSource   : get connection timeout retry : 1
2025-03-14 07:31:04.440  WARN --- [            TxTimeoutCheck_1_1] com.alibaba.druid.pool.DruidDataSource   : get connection timeout retry : 1
2025-03-14 07:31:04.448  WARN --- [           AsyncCommitting_1_1] com.alibaba.druid.pool.DruidDataSource   : get connection timeout retry : 1
2025-03-14 07:31:04.448  WARN --- [          RetryRollbacking_1_1] com.alibaba.druid.pool.DruidDataSource   : get connection timeout retry : 1
2025-03-14 07:31:14.469  WARN --- [           RetryCommitting_1_1] com.alibaba.druid.pool.DruidDataSource   : get connection timeout retry : 1
2025-03-14 07:31:14.476  WARN --- [           AsyncCommitting_1_1] com.alibaba.druid.pool.DruidDataSource   : get connection timeout retry : 1
2025-03-14 07:31:14.473  WARN --- [          RetryRollbacking_1_1] com.alibaba.druid.pool.DruidDataSource   : get connection timeout retry : 1
2025-03-14 07:31:14.470  WARN --- [            TxTimeoutCheck_1_1] com.alibaba.druid.pool.DruidDataSource   : get connection timeout retry : 1
2025-03-14 07:31:24.520  WARN --- [          RetryRollbacking_1_1] com.alibaba.druid.pool.DruidDataSource   : get connection timeout retry : 1
2025-03-14 07:31:24.521  WARN --- [           AsyncCommitting_1_1] com.alibaba.druid.pool.DruidDataSource   : get connection timeout retry : 1
2025-03-14 07:31:24.523  WARN --- [           RetryCommitting_1_1] com.alibaba.druid.pool.DruidDataSource   : get connection timeout retry : 1
2025-03-14 07:31:24.526  WARN --- [            TxTimeoutCheck_1_1] com.alibaba.druid.pool.DruidDataSource   : get connection timeout retry : 1
2025-03-14 07:31:34.563  WARN --- [           AsyncCommitting_1_1] com.alibaba.druid.pool.DruidDataSource   : get connection timeout retry : 1
2025-03-14 07:31:34.566  WARN --- [          RetryRollbacking_1_1] com.alibaba.druid.pool.DruidDataSource   : get connection timeout retry : 1
2025-03-14 07:31:34.567  WARN --- [           RetryCommitting_1_1] com.alibaba.druid.pool.DruidDataSource   : get connection timeout retry : 1
2025-03-14 07:31:34.570  WARN --- [            TxTimeoutCheck_1_1] com.alibaba.druid.pool.DruidDataSource   : get connection timeout retry : 1
2025-03-14 07:31:44.602  WARN --- [           AsyncCommitting_1_1] com.alibaba.druid.pool.DruidDataSource   : get connection timeout retry : 1
2025-03-14 07:31:44.604  WARN --- [          RetryRollbacking_1_1] com.alibaba.druid.pool.DruidDataSource   : get connection timeout retry : 1
2025-03-14 07:31:44.604  WARN --- [           RetryCommitting_1_1] com.alibaba.druid.pool.DruidDataSource   : get connection timeout retry : 1
2025-03-14 07:31:44.612  WARN --- [            TxTimeoutCheck_1_1] com.alibaba.druid.pool.DruidDataSource   : get connection timeout retry : 1
2025-03-14 07:31:54.658  WARN --- [           RetryCommitting_1_1] com.alibaba.druid.pool.DruidDataSource   : get connection timeout retry : 1
2025-03-14 07:31:54.663  WARN --- [          RetryRollbacking_1_1] com.alibaba.druid.pool.DruidDataSource   : get connection timeout retry : 1
2025-03-14 07:31:54.666  WARN --- [           AsyncCommitting_1_1] com.alibaba.druid.pool.DruidDataSource   : get connection timeout retry : 1
2025-03-14 07:31:54.668  WARN --- [            TxTimeoutCheck_1_1] com.alibaba.druid.pool.DruidDataSource   : get connection timeout retry : 1
2025-03-14 07:32:04.731  WARN --- [          RetryRollbacking_1_1] com.alibaba.druid.pool.DruidDataSource   : get connection timeout retry : 1
2025-03-14 07:32:04.740  WARN --- [           RetryCommitting_1_1] com.alibaba.druid.pool.DruidDataSource   : get connection timeout retry : 1
2025-03-14 07:32:04.740  WARN --- [            TxTimeoutCheck_1_1] com.alibaba.druid.pool.DruidDataSource   : get connection timeout retry : 1
2025-03-14 07:32:04.737  WARN --- [           AsyncCommitting_1_1] com.alibaba.druid.pool.DruidDataSource   : get connection timeout retry : 1
2025-03-14 07:32:14.783  WARN --- [          RetryRollbacking_1_1] com.alibaba.druid.pool.DruidDataSource   : get connection timeout retry : 1
2025-03-14 07:32:14.785  WARN --- [           AsyncCommitting_1_1] com.alibaba.druid.pool.DruidDataSource   : get connection timeout retry : 1
2025-03-14 07:32:14.789  WARN --- [            TxTimeoutCheck_1_1] com.alibaba.druid.pool.DruidDataSource   : get connection timeout retry : 1
2025-03-14 07:32:14.791  WARN --- [           RetryCommitting_1_1] com.alibaba.druid.pool.DruidDataSource   : get connection timeout retry : 1
2025-03-14 07:32:24.817  WARN --- [           AsyncCommitting_1_1] com.alibaba.druid.pool.DruidDataSource   : get connection timeout retry : 1
2025-03-14 07:32:24.820  WARN --- [          RetryRollbacking_1_1] com.alibaba.druid.pool.DruidDataSource   : get connection timeout retry : 1
2025-03-14 07:32:24.830  WARN --- [            TxTimeoutCheck_1_1] com.alibaba.druid.pool.DruidDataSource   : get connection timeout retry : 1
2025-03-14 07:32:24.832  WARN --- [           RetryCommitting_1_1] com.alibaba.druid.pool.DruidDataSource   : get connection timeout retry : 1
2025-03-14 07:32:34.850  WARN --- [           AsyncCommitting_1_1] com.alibaba.druid.pool.DruidDataSource   : get connection timeout retry : 1
2025-03-14 07:32:34.852  WARN --- [          RetryRollbacking_1_1] com.alibaba.druid.pool.DruidDataSource   : get connection timeout retry : 1
2025-03-14 07:32:34.856  WARN --- [            TxTimeoutCheck_1_1] com.alibaba.druid.pool.DruidDataSource   : get connection timeout retry : 1
2025-03-14 07:32:34.858  WARN --- [           RetryCommitting_1_1] com.alibaba.druid.pool.DruidDataSource   : get connection timeout retry : 1
2025-03-14 07:32:44.879  WARN --- [           AsyncCommitting_1_1] com.alibaba.druid.pool.DruidDataSource   : get connection timeout retry : 1
2025-03-14 07:32:44.882  WARN --- [            TxTimeoutCheck_1_1] com.alibaba.druid.pool.DruidDataSource   : get connection timeout retry : 1
2025-03-14 07:32:44.880  WARN --- [          RetryRollbacking_1_1] com.alibaba.druid.pool.DruidDataSource   : get connection timeout retry : 1
2025-03-14 07:32:44.887  WARN --- [           RetryCommitting_1_1] com.alibaba.druid.pool.DruidDataSource   : get connection timeout retry : 1
2025-03-14 07:32:54.910  WARN --- [           AsyncCommitting_1_1] com.alibaba.druid.pool.DruidDataSource   : get connection timeout retry : 1
2025-03-14 07:32:54.915  WARN --- [            TxTimeoutCheck_1_1] com.alibaba.druid.pool.DruidDataSource   : get connection timeout retry : 1
2025-03-14 07:32:54.921  WARN --- [          RetryRollbacking_1_1] com.alibaba.druid.pool.DruidDataSource   : get connection timeout retry : 1
2025-03-14 07:32:54.922  WARN --- [           RetryCommitting_1_1] com.alibaba.druid.pool.DruidDataSource   : get connection timeout retry : 1
2025-03-14 07:33:04.932  WARN --- [           AsyncCommitting_1_1] com.alibaba.druid.pool.DruidDataSource   : get connection timeout retry : 1
2025-03-14 07:33:04.937  WARN --- [            TxTimeoutCheck_1_1] com.alibaba.druid.pool.DruidDataSource   : get connection timeout retry : 1
2025-03-14 07:33:04.947  WARN --- [           RetryCommitting_1_1] com.alibaba.druid.pool.DruidDataSource   : get connection timeout retry : 1
2025-03-14 07:33:04.948  WARN --- [          RetryRollbacking_1_1] com.alibaba.druid.pool.DruidDataSource   : get connection timeout retry : 1
2025-03-14 07:33:14.957  WARN --- [           AsyncCommitting_1_1] com.alibaba.druid.pool.DruidDataSource   : get connection timeout retry : 1
2025-03-14 07:33:14.961  WARN --- [            TxTimeoutCheck_1_1] com.alibaba.druid.pool.DruidDataSource   : get connection timeout retry : 1
2025-03-14 07:33:14.970  WARN --- [           RetryCommitting_1_1] com.alibaba.druid.pool.DruidDataSource   : get connection timeout retry : 1
2025-03-14 07:33:14.972  WARN --- [          RetryRollbacking_1_1] com.alibaba.druid.pool.DruidDataSource   : get connection timeout retry : 1
2025-03-14 07:33:24.987  WARN --- [           AsyncCommitting_1_1] com.alibaba.druid.pool.DruidDataSource   : get connection timeout retry : 1
2025-03-14 07:33:24.989  WARN --- [            TxTimeoutCheck_1_1] com.alibaba.druid.pool.DruidDataSource   : get connection timeout retry : 1
2025-03-14 07:33:24.998  WARN --- [          RetryRollbacking_1_1] com.alibaba.druid.pool.DruidDataSource   : get connection timeout retry : 1
2025-03-14 07:33:25.000  WARN --- [           RetryCommitting_1_1] com.alibaba.druid.pool.DruidDataSource   : get connection timeout retry : 1
2025-03-14 07:33:27.462  WARN --- [                      Thread-3] c.a.n.common.http.HttpClientBeanHolder   : [HttpClientBeanHolder] Start destroying common HttpClient
2025-03-14 07:33:27.463  WARN --- [                      Thread-9] c.a.nacos.common.notify.NotifyCenter     : [NotifyCenter] Start destroying Publisher
2025-03-14 07:33:27.467  WARN --- [                      Thread-3] c.a.n.common.http.HttpClientBeanHolder   : [HttpClientBeanHolder] Destruction of the end
2025-03-14 07:33:27.467  WARN --- [                      Thread-9] c.a.nacos.common.notify.NotifyCenter     : [NotifyCenter] Destruction of the end
2025-03-14 07:34:02.421  WARN --- [                          main] i.s.s.s.db.store.LogStoreDataBaseDAO     : global_table table or TRANSACTION_NAME column not found
2025-03-14 07:34:07.453  WARN --- [rkJoinPool.commonPool-worker-1] com.alibaba.druid.pool.DruidDataSource   : get connection timeout retry : 1
2025-03-14 07:34:07.545  WARN --- [           AsyncCommitting_1_1] com.alibaba.druid.pool.DruidDataSource   : get connection timeout retry : 1
2025-03-14 07:34:07.546  WARN --- [            TxTimeoutCheck_1_1] com.alibaba.druid.pool.DruidDataSource   : get connection timeout retry : 1
2025-03-14 07:34:07.545  WARN --- [           RetryCommitting_1_1] com.alibaba.druid.pool.DruidDataSource   : get connection timeout retry : 1
2025-03-14 07:34:07.546  WARN --- [          RetryRollbacking_1_1] com.alibaba.druid.pool.DruidDataSource   : get connection timeout retry : 1
2025-03-14 07:34:17.573  WARN --- [           AsyncCommitting_1_1] com.alibaba.druid.pool.DruidDataSource   : get connection timeout retry : 1
2025-03-14 07:34:17.575  WARN --- [            TxTimeoutCheck_1_1] com.alibaba.druid.pool.DruidDataSource   : get connection timeout retry : 1
2025-03-14 07:34:17.578  WARN --- [          RetryRollbacking_1_1] com.alibaba.druid.pool.DruidDataSource   : get connection timeout retry : 1
2025-03-14 07:34:17.587  WARN --- [           RetryCommitting_1_1] com.alibaba.druid.pool.DruidDataSource   : get connection timeout retry : 1
2025-03-14 07:34:27.608  WARN --- [           AsyncCommitting_1_1] com.alibaba.druid.pool.DruidDataSource   : get connection timeout retry : 1
2025-03-14 07:34:27.615  WARN --- [           RetryCommitting_1_1] com.alibaba.druid.pool.DruidDataSource   : get connection timeout retry : 1
2025-03-14 07:34:27.610  WARN --- [            TxTimeoutCheck_1_1] com.alibaba.druid.pool.DruidDataSource   : get connection timeout retry : 1
2025-03-14 07:34:27.610  WARN --- [          RetryRollbacking_1_1] com.alibaba.druid.pool.DruidDataSource   : get connection timeout retry : 1
2025-03-14 07:34:38.012  WARN --- [           RetryCommitting_1_1] com.alibaba.druid.pool.DruidDataSource   : get connection timeout retry : 1
2025-03-14 07:34:38.058  WARN --- [            TxTimeoutCheck_1_1] com.alibaba.druid.pool.DruidDataSource   : get connection timeout retry : 1
2025-03-14 07:34:38.069  WARN --- [          RetryRollbacking_1_1] com.alibaba.druid.pool.DruidDataSource   : get connection timeout retry : 1
2025-03-14 07:34:38.078  WARN --- [           AsyncCommitting_1_1] com.alibaba.druid.pool.DruidDataSource   : get connection timeout retry : 1
2025-03-14 07:34:48.072  WARN --- [           RetryCommitting_1_1] com.alibaba.druid.pool.DruidDataSource   : get connection timeout retry : 1
2025-03-14 07:34:48.132  WARN --- [            TxTimeoutCheck_1_1] com.alibaba.druid.pool.DruidDataSource   : get connection timeout retry : 1
2025-03-14 07:34:48.136  WARN --- [          RetryRollbacking_1_1] com.alibaba.druid.pool.DruidDataSource   : get connection timeout retry : 1
2025-03-14 07:34:48.140  WARN --- [           AsyncCommitting_1_1] com.alibaba.druid.pool.DruidDataSource   : get connection timeout retry : 1
2025-03-14 07:34:58.120  WARN --- [           RetryCommitting_1_1] com.alibaba.druid.pool.DruidDataSource   : get connection timeout retry : 1
2025-03-14 07:34:58.170  WARN --- [            TxTimeoutCheck_1_1] com.alibaba.druid.pool.DruidDataSource   : get connection timeout retry : 1
2025-03-14 07:34:58.175  WARN --- [           AsyncCommitting_1_1] com.alibaba.druid.pool.DruidDataSource   : get connection timeout retry : 1
2025-03-14 07:34:58.179  WARN --- [          RetryRollbacking_1_1] com.alibaba.druid.pool.DruidDataSource   : get connection timeout retry : 1
2025-03-14 07:35:08.150  WARN --- [           RetryCommitting_1_1] com.alibaba.druid.pool.DruidDataSource   : get connection timeout retry : 1
2025-03-14 07:35:08.199  WARN --- [            TxTimeoutCheck_1_1] com.alibaba.druid.pool.DruidDataSource   : get connection timeout retry : 1
2025-03-14 07:35:08.201  WARN --- [           AsyncCommitting_1_1] com.alibaba.druid.pool.DruidDataSource   : get connection timeout retry : 1
2025-03-14 07:35:08.205  WARN --- [          RetryRollbacking_1_1] com.alibaba.druid.pool.DruidDataSource   : get connection timeout retry : 1
2025-03-14 07:35:18.169  WARN --- [           RetryCommitting_1_1] com.alibaba.druid.pool.DruidDataSource   : get connection timeout retry : 1
2025-03-14 07:35:18.216  WARN --- [            TxTimeoutCheck_1_1] com.alibaba.druid.pool.DruidDataSource   : get connection timeout retry : 1
2025-03-14 07:35:18.226  WARN --- [           AsyncCommitting_1_1] com.alibaba.druid.pool.DruidDataSource   : get connection timeout retry : 1
2025-03-14 07:35:18.230  WARN --- [          RetryRollbacking_1_1] com.alibaba.druid.pool.DruidDataSource   : get connection timeout retry : 1
2025-03-14 07:35:28.192  WARN --- [           RetryCommitting_1_1] com.alibaba.druid.pool.DruidDataSource   : get connection timeout retry : 1
2025-03-14 07:35:28.239  WARN --- [            TxTimeoutCheck_1_1] com.alibaba.druid.pool.DruidDataSource   : get connection timeout retry : 1
2025-03-14 07:35:28.246  WARN --- [           AsyncCommitting_1_1] com.alibaba.druid.pool.DruidDataSource   : get connection timeout retry : 1
2025-03-14 07:35:28.255  WARN --- [          RetryRollbacking_1_1] com.alibaba.druid.pool.DruidDataSource   : get connection timeout retry : 1
2025-03-14 07:35:38.223  WARN --- [           RetryCommitting_1_1] com.alibaba.druid.pool.DruidDataSource   : get connection timeout retry : 1
2025-03-14 07:35:38.258  WARN --- [            TxTimeoutCheck_1_1] com.alibaba.druid.pool.DruidDataSource   : get connection timeout retry : 1
2025-03-14 07:35:38.274  WARN --- [           AsyncCommitting_1_1] com.alibaba.druid.pool.DruidDataSource   : get connection timeout retry : 1
2025-03-14 07:35:38.285  WARN --- [          RetryRollbacking_1_1] com.alibaba.druid.pool.DruidDataSource   : get connection timeout retry : 1
2025-03-14 07:35:48.241  WARN --- [           RetryCommitting_1_1] com.alibaba.druid.pool.DruidDataSource   : get connection timeout retry : 1
2025-03-14 07:35:48.274  WARN --- [            TxTimeoutCheck_1_1] com.alibaba.druid.pool.DruidDataSource   : get connection timeout retry : 1
2025-03-14 07:35:48.295  WARN --- [           AsyncCommitting_1_1] com.alibaba.druid.pool.DruidDataSource   : get connection timeout retry : 1
2025-03-14 07:35:48.303  WARN --- [          RetryRollbacking_1_1] com.alibaba.druid.pool.DruidDataSource   : get connection timeout retry : 1
2025-03-14 07:35:58.264  WARN --- [           RetryCommitting_1_1] com.alibaba.druid.pool.DruidDataSource   : get connection timeout retry : 1
2025-03-14 07:35:58.295  WARN --- [            TxTimeoutCheck_1_1] com.alibaba.druid.pool.DruidDataSource   : get connection timeout retry : 1
2025-03-14 07:35:58.318  WARN --- [           AsyncCommitting_1_1] com.alibaba.druid.pool.DruidDataSource   : get connection timeout retry : 1
2025-03-14 07:35:58.324  WARN --- [          RetryRollbacking_1_1] com.alibaba.druid.pool.DruidDataSource   : get connection timeout retry : 1
2025-03-14 07:36:08.292  WARN --- [           RetryCommitting_1_1] com.alibaba.druid.pool.DruidDataSource   : get connection timeout retry : 1
2025-03-14 07:36:08.324  WARN --- [            TxTimeoutCheck_1_1] com.alibaba.druid.pool.DruidDataSource   : get connection timeout retry : 1
2025-03-14 07:36:08.353  WARN --- [           AsyncCommitting_1_1] com.alibaba.druid.pool.DruidDataSource   : get connection timeout retry : 1
2025-03-14 07:36:08.359  WARN --- [          RetryRollbacking_1_1] com.alibaba.druid.pool.DruidDataSource   : get connection timeout retry : 1
2025-03-14 07:36:18.518  WARN --- [            TxTimeoutCheck_1_1] com.alibaba.druid.pool.DruidDataSource   : get connection timeout retry : 1
2025-03-14 07:36:18.603  WARN --- [           AsyncCommitting_1_1] com.alibaba.druid.pool.DruidDataSource   : get connection timeout retry : 1
2025-03-14 07:36:18.610  WARN --- [          RetryRollbacking_1_1] com.alibaba.druid.pool.DruidDataSource   : get connection timeout retry : 1
2025-03-14 07:36:18.690  WARN --- [           RetryCommitting_1_1] com.alibaba.druid.pool.DruidDataSource   : get connection timeout retry : 1
2025-03-14 07:36:28.560  WARN --- [            TxTimeoutCheck_1_1] com.alibaba.druid.pool.DruidDataSource   : get connection timeout retry : 1
2025-03-14 07:36:28.643  WARN --- [          RetryRollbacking_1_1] com.alibaba.druid.pool.DruidDataSource   : get connection timeout retry : 1
2025-03-14 07:36:28.644  WARN --- [           AsyncCommitting_1_1] com.alibaba.druid.pool.DruidDataSource   : get connection timeout retry : 1
2025-03-14 07:36:28.731  WARN --- [           RetryCommitting_1_1] com.alibaba.druid.pool.DruidDataSource   : get connection timeout retry : 1
2025-03-14 07:36:38.592  WARN --- [            TxTimeoutCheck_1_1] com.alibaba.druid.pool.DruidDataSource   : get connection timeout retry : 1
2025-03-14 07:36:38.711  WARN --- [          RetryRollbacking_1_1] com.alibaba.druid.pool.DruidDataSource   : get connection timeout retry : 1
2025-03-14 07:36:38.714  WARN --- [           AsyncCommitting_1_1] com.alibaba.druid.pool.DruidDataSource   : get connection timeout retry : 1
2025-03-14 07:36:38.763  WARN --- [           RetryCommitting_1_1] com.alibaba.druid.pool.DruidDataSource   : get connection timeout retry : 1
2025-03-14 07:36:48.614  WARN --- [            TxTimeoutCheck_1_1] com.alibaba.druid.pool.DruidDataSource   : get connection timeout retry : 1
2025-03-14 07:36:48.732  WARN --- [          RetryRollbacking_1_1] com.alibaba.druid.pool.DruidDataSource   : get connection timeout retry : 1
2025-03-14 07:36:48.735  WARN --- [           AsyncCommitting_1_1] com.alibaba.druid.pool.DruidDataSource   : get connection timeout retry : 1
2025-03-14 07:36:48.779  WARN --- [           RetryCommitting_1_1] com.alibaba.druid.pool.DruidDataSource   : get connection timeout retry : 1
2025-03-14 07:36:58.642  WARN --- [            TxTimeoutCheck_1_1] com.alibaba.druid.pool.DruidDataSource   : get connection timeout retry : 1
2025-03-14 07:36:58.797  WARN --- [           AsyncCommitting_1_1] com.alibaba.druid.pool.DruidDataSource   : get connection timeout retry : 1
2025-03-14 07:36:58.797  WARN --- [          RetryRollbacking_1_1] com.alibaba.druid.pool.DruidDataSource   : get connection timeout retry : 1
2025-03-14 07:36:58.822  WARN --- [           RetryCommitting_1_1] com.alibaba.druid.pool.DruidDataSource   : get connection timeout retry : 1
2025-03-14 07:37:07.530  WARN --- [             UndologDelete_1_1] com.alibaba.druid.pool.DruidDataSource   : get connection timeout retry : 1
2025-03-14 07:37:08.987  WARN --- [            TxTimeoutCheck_1_1] com.alibaba.druid.pool.DruidDataSource   : get connection timeout retry : 1
2025-03-14 07:37:09.184  WARN --- [           AsyncCommitting_1_1] com.alibaba.druid.pool.DruidDataSource   : get connection timeout retry : 1
2025-03-14 07:37:09.222  WARN --- [          RetryRollbacking_1_1] com.alibaba.druid.pool.DruidDataSource   : get connection timeout retry : 1
2025-03-14 07:37:09.233  WARN --- [           RetryCommitting_1_1] com.alibaba.druid.pool.DruidDataSource   : get connection timeout retry : 1
2025-03-14 07:37:19.022  WARN --- [            TxTimeoutCheck_1_1] com.alibaba.druid.pool.DruidDataSource   : get connection timeout retry : 1
2025-03-14 07:37:19.220  WARN --- [           AsyncCommitting_1_1] com.alibaba.druid.pool.DruidDataSource   : get connection timeout retry : 1
2025-03-14 07:37:19.269  WARN --- [          RetryRollbacking_1_1] com.alibaba.druid.pool.DruidDataSource   : get connection timeout retry : 1
2025-03-14 07:37:19.270  WARN --- [           RetryCommitting_1_1] com.alibaba.druid.pool.DruidDataSource   : get connection timeout retry : 1
2025-03-14 07:37:29.050  WARN --- [            TxTimeoutCheck_1_1] com.alibaba.druid.pool.DruidDataSource   : get connection timeout retry : 1
2025-03-14 07:37:29.243  WARN --- [           AsyncCommitting_1_1] com.alibaba.druid.pool.DruidDataSource   : get connection timeout retry : 1
2025-03-14 07:37:29.293  WARN --- [           RetryCommitting_1_1] com.alibaba.druid.pool.DruidDataSource   : get connection timeout retry : 1
2025-03-14 07:37:29.295  WARN --- [          RetryRollbacking_1_1] com.alibaba.druid.pool.DruidDataSource   : get connection timeout retry : 1
2025-03-14 07:37:39.076  WARN --- [            TxTimeoutCheck_1_1] com.alibaba.druid.pool.DruidDataSource   : get connection timeout retry : 1
2025-03-14 07:37:39.263  WARN --- [           AsyncCommitting_1_1] com.alibaba.druid.pool.DruidDataSource   : get connection timeout retry : 1
2025-03-14 07:37:39.315  WARN --- [           RetryCommitting_1_1] com.alibaba.druid.pool.DruidDataSource   : get connection timeout retry : 1
2025-03-14 07:37:39.315  WARN --- [          RetryRollbacking_1_1] com.alibaba.druid.pool.DruidDataSource   : get connection timeout retry : 1
2025-03-14 07:37:49.486  WARN --- [            TxTimeoutCheck_1_1] com.alibaba.druid.pool.DruidDataSource   : get connection timeout retry : 1
2025-03-14 07:37:49.686  WARN --- [           AsyncCommitting_1_1] com.alibaba.druid.pool.DruidDataSource   : get connection timeout retry : 1
2025-03-14 07:37:49.714  WARN --- [           RetryCommitting_1_1] com.alibaba.druid.pool.DruidDataSource   : get connection timeout retry : 1
2025-03-14 07:37:49.734  WARN --- [          RetryRollbacking_1_1] com.alibaba.druid.pool.DruidDataSource   : get connection timeout retry : 1
2025-03-14 07:37:59.503  WARN --- [            TxTimeoutCheck_1_1] com.alibaba.druid.pool.DruidDataSource   : get connection timeout retry : 1
2025-03-14 07:37:59.705  WARN --- [           AsyncCommitting_1_1] com.alibaba.druid.pool.DruidDataSource   : get connection timeout retry : 1
2025-03-14 07:37:59.771  WARN --- [           RetryCommitting_1_1] com.alibaba.druid.pool.DruidDataSource   : get connection timeout retry : 1
2025-03-14 07:37:59.788  WARN --- [          RetryRollbacking_1_1] com.alibaba.druid.pool.DruidDataSource   : get connection timeout retry : 1
2025-03-14 07:38:09.527  WARN --- [            TxTimeoutCheck_1_1] com.alibaba.druid.pool.DruidDataSource   : get connection timeout retry : 1
2025-03-14 07:38:09.743  WARN --- [           AsyncCommitting_1_1] com.alibaba.druid.pool.DruidDataSource   : get connection timeout retry : 1
2025-03-14 07:38:09.793  WARN --- [           RetryCommitting_1_1] com.alibaba.druid.pool.DruidDataSource   : get connection timeout retry : 1
2025-03-14 07:38:09.808  WARN --- [          RetryRollbacking_1_1] com.alibaba.druid.pool.DruidDataSource   : get connection timeout retry : 1
2025-03-14 07:38:19.593  WARN --- [            TxTimeoutCheck_1_1] com.alibaba.druid.pool.DruidDataSource   : get connection timeout retry : 1
2025-03-14 07:38:19.771  WARN --- [           AsyncCommitting_1_1] com.alibaba.druid.pool.DruidDataSource   : get connection timeout retry : 1
2025-03-14 07:38:19.828  WARN --- [           RetryCommitting_1_1] com.alibaba.druid.pool.DruidDataSource   : get connection timeout retry : 1
2025-03-14 07:38:19.846  WARN --- [          RetryRollbacking_1_1] com.alibaba.druid.pool.DruidDataSource   : get connection timeout retry : 1
2025-03-14 07:38:29.619  WARN --- [            TxTimeoutCheck_1_1] com.alibaba.druid.pool.DruidDataSource   : get connection timeout retry : 1
2025-03-14 07:38:29.793  WARN --- [           AsyncCommitting_1_1] com.alibaba.druid.pool.DruidDataSource   : get connection timeout retry : 1
2025-03-14 07:38:29.852  WARN --- [           RetryCommitting_1_1] com.alibaba.druid.pool.DruidDataSource   : get connection timeout retry : 1
2025-03-14 07:38:29.871  WARN --- [          RetryRollbacking_1_1] com.alibaba.druid.pool.DruidDataSource   : get connection timeout retry : 1
2025-03-14 07:38:39.652  WARN --- [            TxTimeoutCheck_1_1] com.alibaba.druid.pool.DruidDataSource   : get connection timeout retry : 1
2025-03-14 07:38:39.815  WARN --- [           AsyncCommitting_1_1] com.alibaba.druid.pool.DruidDataSource   : get connection timeout retry : 1
2025-03-14 07:38:39.879  WARN --- [           RetryCommitting_1_1] com.alibaba.druid.pool.DruidDataSource   : get connection timeout retry : 1
2025-03-14 07:38:39.891  WARN --- [          RetryRollbacking_1_1] com.alibaba.druid.pool.DruidDataSource   : get connection timeout retry : 1
2025-03-14 07:38:49.680  WARN --- [            TxTimeoutCheck_1_1] com.alibaba.druid.pool.DruidDataSource   : get connection timeout retry : 1
2025-03-14 07:38:49.834  WARN --- [           AsyncCommitting_1_1] com.alibaba.druid.pool.DruidDataSource   : get connection timeout retry : 1
2025-03-14 07:38:49.898  WARN --- [           RetryCommitting_1_1] com.alibaba.druid.pool.DruidDataSource   : get connection timeout retry : 1
2025-03-14 07:38:49.908  WARN --- [          RetryRollbacking_1_1] com.alibaba.druid.pool.DruidDataSource   : get connection timeout retry : 1
2025-03-14 07:38:59.713  WARN --- [            TxTimeoutCheck_1_1] com.alibaba.druid.pool.DruidDataSource   : get connection timeout retry : 1
2025-03-14 07:38:59.856  WARN --- [           AsyncCommitting_1_1] com.alibaba.druid.pool.DruidDataSource   : get connection timeout retry : 1
2025-03-14 07:38:59.915  WARN --- [           RetryCommitting_1_1] com.alibaba.druid.pool.DruidDataSource   : get connection timeout retry : 1
2025-03-14 07:38:59.924  WARN --- [          RetryRollbacking_1_1] com.alibaba.druid.pool.DruidDataSource   : get connection timeout retry : 1
2025-03-14 07:39:09.740  WARN --- [            TxTimeoutCheck_1_1] com.alibaba.druid.pool.DruidDataSource   : get connection timeout retry : 1
2025-03-14 07:39:09.895  WARN --- [           AsyncCommitting_1_1] com.alibaba.druid.pool.DruidDataSource   : get connection timeout retry : 1
2025-03-14 07:39:09.940  WARN --- [           RetryCommitting_1_1] com.alibaba.druid.pool.DruidDataSource   : get connection timeout retry : 1
2025-03-14 07:39:09.946  WARN --- [          RetryRollbacking_1_1] com.alibaba.druid.pool.DruidDataSource   : get connection timeout retry : 1
2025-03-14 07:39:20.071  WARN --- [           AsyncCommitting_1_1] com.alibaba.druid.pool.DruidDataSource   : get connection timeout retry : 1
2025-03-14 07:39:20.069  WARN --- [            TxTimeoutCheck_1_1] com.alibaba.druid.pool.DruidDataSource   : get connection timeout retry : 1
2025-03-14 07:39:20.074  WARN --- [           RetryCommitting_1_1] com.alibaba.druid.pool.DruidDataSource   : get connection timeout retry : 1
2025-03-14 07:39:20.076  WARN --- [          RetryRollbacking_1_1] com.alibaba.druid.pool.DruidDataSource   : get connection timeout retry : 1
2025-03-14 07:39:30.110  WARN --- [           RetryCommitting_1_1] com.alibaba.druid.pool.DruidDataSource   : get connection timeout retry : 1
2025-03-14 07:39:30.124  WARN --- [           AsyncCommitting_1_1] com.alibaba.druid.pool.DruidDataSource   : get connection timeout retry : 1
2025-03-14 07:39:30.152  WARN --- [          RetryRollbacking_1_1] com.alibaba.druid.pool.DruidDataSource   : get connection timeout retry : 1
2025-03-14 07:39:30.135  WARN --- [            TxTimeoutCheck_1_1] com.alibaba.druid.pool.DruidDataSource   : get connection timeout retry : 1
2025-03-14 07:39:40.239  WARN --- [           RetryCommitting_1_1] com.alibaba.druid.pool.DruidDataSource   : get connection timeout retry : 1
2025-03-14 07:39:40.245  WARN --- [           AsyncCommitting_1_1] com.alibaba.druid.pool.DruidDataSource   : get connection timeout retry : 1
2025-03-14 07:39:40.251  WARN --- [          RetryRollbacking_1_1] com.alibaba.druid.pool.DruidDataSource   : get connection timeout retry : 1
2025-03-14 07:39:40.255  WARN --- [            TxTimeoutCheck_1_1] com.alibaba.druid.pool.DruidDataSource   : get connection timeout retry : 1
2025-03-14 07:39:50.530  WARN --- [           RetryCommitting_1_1] com.alibaba.druid.pool.DruidDataSource   : get connection timeout retry : 1
2025-03-14 07:39:50.533  WARN --- [          RetryRollbacking_1_1] com.alibaba.druid.pool.DruidDataSource   : get connection timeout retry : 1
2025-03-14 07:39:50.534  WARN --- [           AsyncCommitting_1_1] com.alibaba.druid.pool.DruidDataSource   : get connection timeout retry : 1
2025-03-14 07:39:50.534  WARN --- [            TxTimeoutCheck_1_1] com.alibaba.druid.pool.DruidDataSource   : get connection timeout retry : 1
2025-03-14 07:40:00.559  WARN --- [           RetryCommitting_1_1] com.alibaba.druid.pool.DruidDataSource   : get connection timeout retry : 1
2025-03-14 07:40:00.561  WARN --- [          RetryRollbacking_1_1] com.alibaba.druid.pool.DruidDataSource   : get connection timeout retry : 1
2025-03-14 07:40:00.568  WARN --- [           AsyncCommitting_1_1] com.alibaba.druid.pool.DruidDataSource   : get connection timeout retry : 1
2025-03-14 07:40:00.565  WARN --- [            TxTimeoutCheck_1_1] com.alibaba.druid.pool.DruidDataSource   : get connection timeout retry : 1
2025-03-14 07:40:10.602  WARN --- [           RetryCommitting_1_1] com.alibaba.druid.pool.DruidDataSource   : get connection timeout retry : 1
2025-03-14 07:40:10.618  WARN --- [          RetryRollbacking_1_1] com.alibaba.druid.pool.DruidDataSource   : get connection timeout retry : 1
2025-03-14 07:40:10.628  WARN --- [           AsyncCommitting_1_1] com.alibaba.druid.pool.DruidDataSource   : get connection timeout retry : 1
2025-03-14 07:40:10.638  WARN --- [            TxTimeoutCheck_1_1] com.alibaba.druid.pool.DruidDataSource   : get connection timeout retry : 1
2025-03-14 07:40:20.678  WARN --- [           RetryCommitting_1_1] com.alibaba.druid.pool.DruidDataSource   : get connection timeout retry : 1
2025-03-14 07:40:20.691  WARN --- [          RetryRollbacking_1_1] com.alibaba.druid.pool.DruidDataSource   : get connection timeout retry : 1
2025-03-14 07:40:20.694  WARN --- [           AsyncCommitting_1_1] com.alibaba.druid.pool.DruidDataSource   : get connection timeout retry : 1
2025-03-14 07:40:20.705  WARN --- [            TxTimeoutCheck_1_1] com.alibaba.druid.pool.DruidDataSource   : get connection timeout retry : 1
2025-03-14 07:40:30.725  WARN --- [           RetryCommitting_1_1] com.alibaba.druid.pool.DruidDataSource   : get connection timeout retry : 1
2025-03-14 07:40:30.735  WARN --- [          RetryRollbacking_1_1] com.alibaba.druid.pool.DruidDataSource   : get connection timeout retry : 1
2025-03-14 07:40:30.741  WARN --- [            TxTimeoutCheck_1_1] com.alibaba.druid.pool.DruidDataSource   : get connection timeout retry : 1
2025-03-14 07:40:30.737  WARN --- [           AsyncCommitting_1_1] com.alibaba.druid.pool.DruidDataSource   : get connection timeout retry : 1
2025-03-14 07:40:40.783  WARN --- [          RetryRollbacking_1_1] com.alibaba.druid.pool.DruidDataSource   : get connection timeout retry : 1
2025-03-14 07:40:40.787  WARN --- [           RetryCommitting_1_1] com.alibaba.druid.pool.DruidDataSource   : get connection timeout retry : 1
2025-03-14 07:40:40.788  WARN --- [            TxTimeoutCheck_1_1] com.alibaba.druid.pool.DruidDataSource   : get connection timeout retry : 1
2025-03-14 07:40:40.791  WARN --- [           AsyncCommitting_1_1] com.alibaba.druid.pool.DruidDataSource   : get connection timeout retry : 1
2025-03-14 07:40:50.804  WARN --- [          RetryRollbacking_1_1] com.alibaba.druid.pool.DruidDataSource   : get connection timeout retry : 1
2025-03-14 07:40:50.810  WARN --- [           RetryCommitting_1_1] com.alibaba.druid.pool.DruidDataSource   : get connection timeout retry : 1
2025-03-14 07:40:50.812  WARN --- [            TxTimeoutCheck_1_1] com.alibaba.druid.pool.DruidDataSource   : get connection timeout retry : 1
2025-03-14 07:40:50.814  WARN --- [           AsyncCommitting_1_1] com.alibaba.druid.pool.DruidDataSource   : get connection timeout retry : 1
2025-03-14 07:41:00.836  WARN --- [          RetryRollbacking_1_1] com.alibaba.druid.pool.DruidDataSource   : get connection timeout retry : 1
2025-03-14 07:41:00.844  WARN --- [           RetryCommitting_1_1] com.alibaba.druid.pool.DruidDataSource   : get connection timeout retry : 1
2025-03-14 07:41:00.845  WARN --- [            TxTimeoutCheck_1_1] com.alibaba.druid.pool.DruidDataSource   : get connection timeout retry : 1
2025-03-14 07:41:00.846  WARN --- [           AsyncCommitting_1_1] com.alibaba.druid.pool.DruidDataSource   : get connection timeout retry : 1
2025-03-14 07:41:10.871  WARN --- [            TxTimeoutCheck_1_1] com.alibaba.druid.pool.DruidDataSource   : get connection timeout retry : 1
2025-03-14 07:41:10.860  WARN --- [          RetryRollbacking_1_1] com.alibaba.druid.pool.DruidDataSource   : get connection timeout retry : 1
2025-03-14 07:41:10.875  WARN --- [           AsyncCommitting_1_1] com.alibaba.druid.pool.DruidDataSource   : get connection timeout retry : 1
2025-03-14 07:41:10.872  WARN --- [           RetryCommitting_1_1] com.alibaba.druid.pool.DruidDataSource   : get connection timeout retry : 1
2025-03-14 07:41:20.903  WARN --- [          RetryRollbacking_1_1] com.alibaba.druid.pool.DruidDataSource   : get connection timeout retry : 1
2025-03-14 07:41:20.906  WARN --- [            TxTimeoutCheck_1_1] com.alibaba.druid.pool.DruidDataSource   : get connection timeout retry : 1
2025-03-14 07:41:20.911  WARN --- [           AsyncCommitting_1_1] com.alibaba.druid.pool.DruidDataSource   : get connection timeout retry : 1
2025-03-14 07:41:20.912  WARN --- [           RetryCommitting_1_1] com.alibaba.druid.pool.DruidDataSource   : get connection timeout retry : 1
2025-03-14 07:41:30.944  WARN --- [          RetryRollbacking_1_1] com.alibaba.druid.pool.DruidDataSource   : get connection timeout retry : 1
2025-03-14 07:41:30.947  WARN --- [            TxTimeoutCheck_1_1] com.alibaba.druid.pool.DruidDataSource   : get connection timeout retry : 1
2025-03-14 07:41:30.956  WARN --- [           AsyncCommitting_1_1] com.alibaba.druid.pool.DruidDataSource   : get connection timeout retry : 1
2025-03-14 07:41:30.958  WARN --- [           RetryCommitting_1_1] com.alibaba.druid.pool.DruidDataSource   : get connection timeout retry : 1
2025-03-14 07:41:40.973  WARN --- [          RetryRollbacking_1_1] com.alibaba.druid.pool.DruidDataSource   : get connection timeout retry : 1
2025-03-14 07:41:40.974  WARN --- [            TxTimeoutCheck_1_1] com.alibaba.druid.pool.DruidDataSource   : get connection timeout retry : 1
2025-03-14 07:41:40.979  WARN --- [           RetryCommitting_1_1] com.alibaba.druid.pool.DruidDataSource   : get connection timeout retry : 1
2025-03-14 07:41:40.987  WARN --- [           AsyncCommitting_1_1] com.alibaba.druid.pool.DruidDataSource   : get connection timeout retry : 1
2025-03-14 07:41:51.017  WARN --- [            TxTimeoutCheck_1_1] com.alibaba.druid.pool.DruidDataSource   : get connection timeout retry : 1
2025-03-14 07:41:51.020  WARN --- [           RetryCommitting_1_1] com.alibaba.druid.pool.DruidDataSource   : get connection timeout retry : 1
2025-03-14 07:41:51.024  WARN --- [          RetryRollbacking_1_1] com.alibaba.druid.pool.DruidDataSource   : get connection timeout retry : 1
2025-03-14 07:41:51.026  WARN --- [           AsyncCommitting_1_1] com.alibaba.druid.pool.DruidDataSource   : get connection timeout retry : 1
2025-03-14 07:42:01.061  WARN --- [           RetryCommitting_1_1] com.alibaba.druid.pool.DruidDataSource   : get connection timeout retry : 1
2025-03-14 07:42:01.063  WARN --- [            TxTimeoutCheck_1_1] com.alibaba.druid.pool.DruidDataSource   : get connection timeout retry : 1
2025-03-14 07:42:01.065  WARN --- [          RetryRollbacking_1_1] com.alibaba.druid.pool.DruidDataSource   : get connection timeout retry : 1
2025-03-14 07:42:01.067  WARN --- [           AsyncCommitting_1_1] com.alibaba.druid.pool.DruidDataSource   : get connection timeout retry : 1
2025-03-14 07:42:11.082  WARN --- [            TxTimeoutCheck_1_1] com.alibaba.druid.pool.DruidDataSource   : get connection timeout retry : 1
2025-03-14 07:42:11.084  WARN --- [          RetryRollbacking_1_1] com.alibaba.druid.pool.DruidDataSource   : get connection timeout retry : 1
2025-03-14 07:42:11.091  WARN --- [           AsyncCommitting_1_1] com.alibaba.druid.pool.DruidDataSource   : get connection timeout retry : 1
2025-03-14 07:42:11.091  WARN --- [           RetryCommitting_1_1] com.alibaba.druid.pool.DruidDataSource   : get connection timeout retry : 1
2025-03-14 07:42:21.120  WARN --- [            TxTimeoutCheck_1_1] com.alibaba.druid.pool.DruidDataSource   : get connection timeout retry : 1
2025-03-14 07:42:21.122  WARN --- [          RetryRollbacking_1_1] com.alibaba.druid.pool.DruidDataSource   : get connection timeout retry : 1
2025-03-14 07:42:21.126  WARN --- [           RetryCommitting_1_1] com.alibaba.druid.pool.DruidDataSource   : get connection timeout retry : 1
2025-03-14 07:42:21.127  WARN --- [           AsyncCommitting_1_1] com.alibaba.druid.pool.DruidDataSource   : get connection timeout retry : 1
2025-03-14 07:42:31.186  WARN --- [            TxTimeoutCheck_1_1] com.alibaba.druid.pool.DruidDataSource   : get connection timeout retry : 1
2025-03-14 07:42:31.190  WARN --- [           AsyncCommitting_1_1] com.alibaba.druid.pool.DruidDataSource   : get connection timeout retry : 1
2025-03-14 07:42:31.200  WARN --- [          RetryRollbacking_1_1] com.alibaba.druid.pool.DruidDataSource   : get connection timeout retry : 1
2025-03-14 07:42:31.202  WARN --- [           RetryCommitting_1_1] com.alibaba.druid.pool.DruidDataSource   : get connection timeout retry : 1
2025-03-14 07:42:41.223  WARN --- [           AsyncCommitting_1_1] com.alibaba.druid.pool.DruidDataSource   : get connection timeout retry : 1
2025-03-14 07:42:41.227  WARN --- [            TxTimeoutCheck_1_1] com.alibaba.druid.pool.DruidDataSource   : get connection timeout retry : 1
2025-03-14 07:42:41.227  WARN --- [          RetryRollbacking_1_1] com.alibaba.druid.pool.DruidDataSource   : get connection timeout retry : 1
2025-03-14 07:42:41.240  WARN --- [           RetryCommitting_1_1] com.alibaba.druid.pool.DruidDataSource   : get connection timeout retry : 1
2025-03-14 07:42:51.246  WARN --- [           AsyncCommitting_1_1] com.alibaba.druid.pool.DruidDataSource   : get connection timeout retry : 1
2025-03-14 07:42:51.260  WARN --- [          RetryRollbacking_1_1] com.alibaba.druid.pool.DruidDataSource   : get connection timeout retry : 1
2025-03-14 07:42:51.255  WARN --- [            TxTimeoutCheck_1_1] com.alibaba.druid.pool.DruidDataSource   : get connection timeout retry : 1
2025-03-14 07:42:51.267  WARN --- [           RetryCommitting_1_1] com.alibaba.druid.pool.DruidDataSource   : get connection timeout retry : 1
2025-03-14 07:43:01.270  WARN --- [           AsyncCommitting_1_1] com.alibaba.druid.pool.DruidDataSource   : get connection timeout retry : 1
2025-03-14 07:43:01.295  WARN --- [          RetryRollbacking_1_1] com.alibaba.druid.pool.DruidDataSource   : get connection timeout retry : 1
2025-03-14 07:43:01.303  WARN --- [            TxTimeoutCheck_1_1] com.alibaba.druid.pool.DruidDataSource   : get connection timeout retry : 1
2025-03-14 07:43:01.306  WARN --- [           RetryCommitting_1_1] com.alibaba.druid.pool.DruidDataSource   : get connection timeout retry : 1
2025-03-14 07:43:11.290  WARN --- [           AsyncCommitting_1_1] com.alibaba.druid.pool.DruidDataSource   : get connection timeout retry : 1
2025-03-14 07:43:11.318  WARN --- [          RetryRollbacking_1_1] com.alibaba.druid.pool.DruidDataSource   : get connection timeout retry : 1
2025-03-14 07:43:11.326  WARN --- [            TxTimeoutCheck_1_1] com.alibaba.druid.pool.DruidDataSource   : get connection timeout retry : 1
2025-03-14 07:43:11.328  WARN --- [           RetryCommitting_1_1] com.alibaba.druid.pool.DruidDataSource   : get connection timeout retry : 1
2025-03-14 07:43:21.314  WARN --- [           AsyncCommitting_1_1] com.alibaba.druid.pool.DruidDataSource   : get connection timeout retry : 1
2025-03-14 07:43:21.338  WARN --- [          RetryRollbacking_1_1] com.alibaba.druid.pool.DruidDataSource   : get connection timeout retry : 1
2025-03-14 07:43:21.347  WARN --- [            TxTimeoutCheck_1_1] com.alibaba.druid.pool.DruidDataSource   : get connection timeout retry : 1
2025-03-14 07:43:21.349  WARN --- [           RetryCommitting_1_1] com.alibaba.druid.pool.DruidDataSource   : get connection timeout retry : 1
2025-03-14 07:43:31.331  WARN --- [           AsyncCommitting_1_1] com.alibaba.druid.pool.DruidDataSource   : get connection timeout retry : 1
2025-03-14 07:43:31.363  WARN --- [          RetryRollbacking_1_1] com.alibaba.druid.pool.DruidDataSource   : get connection timeout retry : 1
2025-03-14 07:43:31.369  WARN --- [            TxTimeoutCheck_1_1] com.alibaba.druid.pool.DruidDataSource   : get connection timeout retry : 1
2025-03-14 07:43:31.371  WARN --- [           RetryCommitting_1_1] com.alibaba.druid.pool.DruidDataSource   : get connection timeout retry : 1
2025-03-14 07:43:41.363  WARN --- [           AsyncCommitting_1_1] com.alibaba.druid.pool.DruidDataSource   : get connection timeout retry : 1
2025-03-14 07:43:41.416  WARN --- [          RetryRollbacking_1_1] com.alibaba.druid.pool.DruidDataSource   : get connection timeout retry : 1
2025-03-14 07:43:41.420  WARN --- [           RetryCommitting_1_1] com.alibaba.druid.pool.DruidDataSource   : get connection timeout retry : 1
2025-03-14 07:43:41.423  WARN --- [            TxTimeoutCheck_1_1] com.alibaba.druid.pool.DruidDataSource   : get connection timeout retry : 1
2025-03-14 07:43:51.382  WARN --- [           AsyncCommitting_1_1] com.alibaba.druid.pool.DruidDataSource   : get connection timeout retry : 1
2025-03-14 07:43:51.442  WARN --- [          RetryRollbacking_1_1] com.alibaba.druid.pool.DruidDataSource   : get connection timeout retry : 1
2025-03-14 07:43:51.449  WARN --- [            TxTimeoutCheck_1_1] com.alibaba.druid.pool.DruidDataSource   : get connection timeout retry : 1
2025-03-14 07:43:51.443  WARN --- [           RetryCommitting_1_1] com.alibaba.druid.pool.DruidDataSource   : get connection timeout retry : 1
2025-03-14 07:44:01.502  WARN --- [           AsyncCommitting_1_1] com.alibaba.druid.pool.DruidDataSource   : get connection timeout retry : 1
2025-03-14 07:44:01.519  WARN --- [          RetryRollbacking_1_1] com.alibaba.druid.pool.DruidDataSource   : get connection timeout retry : 1
2025-03-14 07:44:01.524  WARN --- [            TxTimeoutCheck_1_1] com.alibaba.druid.pool.DruidDataSource   : get connection timeout retry : 1
2025-03-14 07:44:01.535  WARN --- [           RetryCommitting_1_1] com.alibaba.druid.pool.DruidDataSource   : get connection timeout retry : 1
2025-03-14 07:44:11.646  WARN --- [            TxTimeoutCheck_1_1] com.alibaba.druid.pool.DruidDataSource   : get connection timeout retry : 1
2025-03-14 07:44:11.652  WARN --- [          RetryRollbacking_1_1] com.alibaba.druid.pool.DruidDataSource   : get connection timeout retry : 1
2025-03-14 07:44:11.656  WARN --- [           AsyncCommitting_1_1] com.alibaba.druid.pool.DruidDataSource   : get connection timeout retry : 1
2025-03-14 07:44:11.659  WARN --- [           RetryCommitting_1_1] com.alibaba.druid.pool.DruidDataSource   : get connection timeout retry : 1
2025-03-14 07:44:21.670  WARN --- [            TxTimeoutCheck_1_1] com.alibaba.druid.pool.DruidDataSource   : get connection timeout retry : 1
2025-03-14 07:44:21.680  WARN --- [          RetryRollbacking_1_1] com.alibaba.druid.pool.DruidDataSource   : get connection timeout retry : 1
2025-03-14 07:44:21.687  WARN --- [           RetryCommitting_1_1] com.alibaba.druid.pool.DruidDataSource   : get connection timeout retry : 1
2025-03-14 07:44:21.683  WARN --- [           AsyncCommitting_1_1] com.alibaba.druid.pool.DruidDataSource   : get connection timeout retry : 1
2025-03-14 07:44:31.728  WARN --- [            TxTimeoutCheck_1_1] com.alibaba.druid.pool.DruidDataSource   : get connection timeout retry : 1
2025-03-14 07:44:31.770  WARN --- [          RetryRollbacking_1_1] com.alibaba.druid.pool.DruidDataSource   : get connection timeout retry : 1
2025-03-14 07:44:31.819  WARN --- [           RetryCommitting_1_1] com.alibaba.druid.pool.DruidDataSource   : get connection timeout retry : 1
2025-03-14 07:44:31.826  WARN --- [           AsyncCommitting_1_1] com.alibaba.druid.pool.DruidDataSource   : get connection timeout retry : 1
2025-03-14 07:44:41.769  WARN --- [            TxTimeoutCheck_1_1] com.alibaba.druid.pool.DruidDataSource   : get connection timeout retry : 1
2025-03-14 07:44:41.803  WARN --- [          RetryRollbacking_1_1] com.alibaba.druid.pool.DruidDataSource   : get connection timeout retry : 1
2025-03-14 07:44:41.838  WARN --- [           RetryCommitting_1_1] com.alibaba.druid.pool.DruidDataSource   : get connection timeout retry : 1
2025-03-14 07:44:41.847  WARN --- [           AsyncCommitting_1_1] com.alibaba.druid.pool.DruidDataSource   : get connection timeout retry : 1
2025-03-14 07:44:42.905  WARN --- [                      Thread-3] c.a.n.common.http.HttpClientBeanHolder   : [HttpClientBeanHolder] Start destroying common HttpClient
2025-03-14 07:44:42.909  WARN --- [                      Thread-9] c.a.nacos.common.notify.NotifyCenter     : [NotifyCenter] Start destroying Publisher
2025-03-14 07:44:42.909  WARN --- [                      Thread-3] c.a.n.common.http.HttpClientBeanHolder   : [HttpClientBeanHolder] Destruction of the end
2025-03-14 07:44:42.910  WARN --- [                      Thread-9] c.a.nacos.common.notify.NotifyCenter     : [NotifyCenter] Destruction of the end
2025-03-14 07:45:14.822  WARN --- [                          main] i.s.s.s.db.store.LogStoreDataBaseDAO     : global_table table or TRANSACTION_NAME column not found
2025-03-14 07:58:56.664  WARN --- [                      Thread-9] c.a.nacos.common.notify.NotifyCenter     : [NotifyCenter] Start destroying Publisher
2025-03-14 07:58:56.666  WARN --- [                      Thread-3] c.a.n.common.http.HttpClientBeanHolder   : [HttpClientBeanHolder] Start destroying common HttpClient
2025-03-14 07:58:56.673  WARN --- [                      Thread-9] c.a.nacos.common.notify.NotifyCenter     : [NotifyCenter] Destruction of the end
2025-03-14 07:58:56.675  WARN --- [                      Thread-3] c.a.n.common.http.HttpClientBeanHolder   : [HttpClientBeanHolder] Destruction of the end
