00:03:53:898  WARN 13272 --- [Thread-4] c.a.nacos.common.notify.NotifyCenter     : [NotifyCenter] Start destroying Publisher
00:03:53:898  WARN 13272 --- [Thread-7] c.a.n.common.http.HttpClientBeanHolder   : [HttpClientBeanHolder] Start destroying common HttpClient
00:03:53:944  WARN 13272 --- [Thread-4] c.a.nacos.common.notify.NotifyCenter     : [NotifyCenter] Destruction of the end
00:03:53:949  WARN 13272 --- [Thread-7] c.a.n.common.http.HttpClientBeanHolder   : [HttpClientBeanHolder] Destruction of the end
00:03:54:760  INFO 13272 --- [SpringApplicationShutdownHook] c.a.c.n.registry.NacosServiceRegistry    : De-registering from Nacos Server now...
00:03:54:767  INFO 13272 --- [SpringApplicationShutdownHook] c.a.c.n.registry.NacosServiceRegistry    : De-registration finished.
00:03:55:104  INFO 13272 --- [SpringApplicationShutdownHook] com.alibaba.nacos.common.remote.client   : Shutdown rpc client, set status to shutdown
00:03:55:104  INFO 13272 --- [SpringApplicationShutdownHook] com.alibaba.nacos.common.remote.client   : Shutdown client event executor java.util.concurrent.ScheduledThreadPoolExecutor@4c8e14b1[Running, pool size = 2, active threads = 2, queued tasks = 0, completed tasks = 0]
00:03:55:104  INFO 13272 --- [SpringApplicationShutdownHook] com.alibaba.nacos.common.remote.client   : Close current connection 1726198478947_127.0.0.1_21247
00:03:55:111  INFO 13272 --- [nacos-grpc-client-executor-9092] c.a.n.c.remote.client.grpc.GrpcClient    : [1726198478947_127.0.0.1_21247]Ignore complete event,isRunning:false,isAbandon=false
00:03:55:134  INFO 13272 --- [SpringApplicationShutdownHook] c.a.n.c.remote.client.grpc.GrpcClient    : Shutdown grpc executor java.util.concurrent.ThreadPoolExecutor@12263741[Running, pool size = 6, active threads = 0, queued tasks = 0, completed tasks = 9093]
00:03:55:149  INFO 13272 --- [SpringApplicationShutdownHook] com.alibaba.druid.pool.DruidDataSource   : {dataSource-1} closing ...
00:03:55:166  INFO 13272 --- [SpringApplicationShutdownHook] com.alibaba.druid.pool.DruidDataSource   : {dataSource-1} closed
00:06:12:286  INFO 40160 --- [main] com.hmall.item.ItemApplication           : Starting ItemApplication using Java 11.0.24 on HUAWEI-PC with PID 40160 (E:\JavaProject\SpringBoot\itheima\hmall\item-service\target\classes started by 表里不一 in E:\JavaProject\SpringBoot\itheima\hmall)
00:06:12:291 DEBUG 40160 --- [main] com.hmall.item.ItemApplication           : Running with Spring Boot v2.7.12, Spring v5.3.27
00:06:12:292  INFO 40160 --- [main] com.hmall.item.ItemApplication           : The following 1 profile is active: "dev"
00:06:14:981  INFO 40160 --- [main] .s.d.r.c.RepositoryConfigurationDelegate : Multiple Spring Data modules found, entering strict repository configuration mode
00:06:14:990  INFO 40160 --- [main] .s.d.r.c.RepositoryConfigurationDelegate : Bootstrapping Spring Data Redis repositories in DEFAULT mode.
00:06:15:096  INFO 40160 --- [main] .s.d.r.c.RepositoryConfigurationDelegate : Finished Spring Data repository scanning in 22 ms. Found 0 Redis repository interfaces.
00:06:15:787  INFO 40160 --- [main] o.s.cloud.context.scope.GenericScope     : BeanFactory id=d7a4b910-2745-3a79-833a-79e7366eb34b
00:06:17:095  INFO 40160 --- [main] o.s.b.w.embedded.tomcat.TomcatWebServer  : Tomcat initialized with port(s): 8081 (http)
00:06:17:097  INFO 40160 --- [main] o.a.catalina.core.AprLifecycleListener   : Loaded Apache Tomcat Native library [1.2.39] using APR version [1.7.4].
00:06:17:098  INFO 40160 --- [main] o.a.catalina.core.AprLifecycleListener   : APR capabilities: IPv6 [true], sendfile [true], accept filters [false], random [true], UDS [true].
00:06:17:098  INFO 40160 --- [main] o.a.catalina.core.AprLifecycleListener   : APR/OpenSSL configuration: useAprConnector [false], useOpenSSL [true]
00:06:17:139  INFO 40160 --- [main] o.a.catalina.core.AprLifecycleListener   : OpenSSL successfully initialized [OpenSSL 3.0.11 19 Sep 2023]
00:06:17:172  INFO 40160 --- [main] o.apache.catalina.core.StandardService   : Starting service [Tomcat]
00:06:17:173  INFO 40160 --- [main] org.apache.catalina.core.StandardEngine  : Starting Servlet engine: [Apache Tomcat/9.0.75]
00:06:17:561  INFO 40160 --- [main] o.a.c.c.C.[Tomcat].[localhost].[/]       : Initializing Spring embedded WebApplicationContext
00:06:17:562  INFO 40160 --- [main] w.s.c.ServletWebServerApplicationContext : Root WebApplicationContext: initialization completed in 5122 ms
00:06:18:036  INFO 40160 --- [main] c.a.d.s.b.a.DruidDataSourceAutoConfigure : Init DruidDataSource
00:06:18:542  INFO 40160 --- [main] com.alibaba.druid.pool.DruidDataSource   : {dataSource-1} inited
00:06:28:781  INFO 40160 --- [main] o.s.cloud.commons.util.InetUtils         : Cannot determine local hostname
00:06:28:942  INFO 40160 --- [main] pertySourcedRequestMappingHandlerMapping : Mapped URL path [/v2/api-docs] onto method [springfox.documentation.swagger2.web.Swagger2ControllerWebMvc#getDocumentation(String, HttpServletRequest)]
00:06:33:168  INFO 40160 --- [main] o.s.cloud.commons.util.InetUtils         : Cannot determine local hostname
00:06:33:514  INFO 40160 --- [main] com.alibaba.nacos.common.remote.client   : [RpcClientFactory] create a new rpc client of 0b83fcc7-ae71-4013-bbed-38dfa04f2fa1
00:06:33:628  INFO 40160 --- [main] org.reflections.Reflections              : Reflections took 52 ms to scan 1 urls, producing 3 keys and 6 values 
00:06:33:699  INFO 40160 --- [main] org.reflections.Reflections              : Reflections took 31 ms to scan 1 urls, producing 4 keys and 9 values 
00:06:33:731  INFO 40160 --- [main] org.reflections.Reflections              : Reflections took 23 ms to scan 1 urls, producing 3 keys and 10 values 
00:06:33:737  WARN 40160 --- [main] org.reflections.Reflections              : given scan urls are empty. set urls in the configuration
00:06:33:786  INFO 40160 --- [main] org.reflections.Reflections              : Reflections took 48 ms to scan 1 urls, producing 1 keys and 5 values 
00:06:33:817  INFO 40160 --- [main] org.reflections.Reflections              : Reflections took 26 ms to scan 1 urls, producing 1 keys and 7 values 
00:06:33:843  INFO 40160 --- [main] org.reflections.Reflections              : Reflections took 18 ms to scan 1 urls, producing 2 keys and 8 values 
00:06:33:847  WARN 40160 --- [main] org.reflections.Reflections              : given scan urls are empty. set urls in the configuration
00:06:33:850  INFO 40160 --- [main] com.alibaba.nacos.common.remote.client   : [0b83fcc7-ae71-4013-bbed-38dfa04f2fa1] RpcClient init label, labels = {module=naming, source=sdk}
00:06:33:855  INFO 40160 --- [main] com.alibaba.nacos.common.remote.client   : [0b83fcc7-ae71-4013-bbed-38dfa04f2fa1] RpcClient init, ServerListFactory = com.alibaba.nacos.client.naming.core.ServerListManager
00:06:33:855  INFO 40160 --- [main] com.alibaba.nacos.common.remote.client   : [0b83fcc7-ae71-4013-bbed-38dfa04f2fa1] Registry connection listener to current client:com.alibaba.nacos.client.naming.remote.gprc.redo.NamingGrpcRedoService
00:06:33:856  INFO 40160 --- [main] com.alibaba.nacos.common.remote.client   : [0b83fcc7-ae71-4013-bbed-38dfa04f2fa1] Register server push request handler:com.alibaba.nacos.client.naming.remote.gprc.NamingPushRequestHandler
00:06:33:859  INFO 40160 --- [main] com.alibaba.nacos.common.remote.client   : [0b83fcc7-ae71-4013-bbed-38dfa04f2fa1] Try to connect to server on start up, server: {serverIp = 'localhost', server main port = 8848}
00:06:40:249  INFO 40160 --- [main] com.alibaba.nacos.common.remote.client   : [0b83fcc7-ae71-4013-bbed-38dfa04f2fa1] Success to connect to server [localhost:8848] on start up, connectionId = 1726243599896_127.0.0.1_3823
00:06:40:252  INFO 40160 --- [main] com.alibaba.nacos.common.remote.client   : [0b83fcc7-ae71-4013-bbed-38dfa04f2fa1] Register server push request handler:com.alibaba.nacos.common.remote.client.RpcClient$ConnectResetRequestHandler
00:06:40:251  INFO 40160 --- [com.alibaba.nacos.client.remote.worker] com.alibaba.nacos.common.remote.client   : [0b83fcc7-ae71-4013-bbed-38dfa04f2fa1] Notify connected event to listeners.
00:06:40:253  INFO 40160 --- [main] com.alibaba.nacos.common.remote.client   : [0b83fcc7-ae71-4013-bbed-38dfa04f2fa1] Register server push request handler:com.alibaba.nacos.common.remote.client.RpcClient$$Lambda$1059/0x00000008007ef040
00:06:40:482  INFO 40160 --- [main] o.s.b.w.embedded.tomcat.TomcatWebServer  : Tomcat started on port(s): 8081 (http) with context path ''
00:06:40:549  INFO 40160 --- [main] c.a.c.n.registry.NacosServiceRegistry    : nacos registry, DEFAULT_GROUP item-service 26.10.64.202:8081 register finished
00:06:40:930  INFO 40160 --- [nacos-grpc-client-executor-8] com.alibaba.nacos.common.remote.client   : [0b83fcc7-ae71-4013-bbed-38dfa04f2fa1] Receive server push request, request = NotifySubscriberRequest, requestId = 136
00:06:40:937  INFO 40160 --- [nacos-grpc-client-executor-8] com.alibaba.nacos.common.remote.client   : [0b83fcc7-ae71-4013-bbed-38dfa04f2fa1] Ack server push request, request = NotifySubscriberRequest, requestId = 136
00:06:43:163  INFO 40160 --- [main] o.s.cloud.commons.util.InetUtils         : Cannot determine local hostname
00:06:43:164  INFO 40160 --- [main] d.s.w.p.DocumentationPluginsBootstrapper : Documentation plugins bootstrapped
00:06:43:172  INFO 40160 --- [main] d.s.w.p.DocumentationPluginsBootstrapper : Found 1 custom documentation plugin(s)
00:06:43:259  INFO 40160 --- [main] s.d.s.w.s.ApiListingReferenceScanner     : Scanning for api listing references
00:06:44:015  INFO 40160 --- [main] com.hmall.item.ItemApplication           : Started ItemApplication in 36.053 seconds (JVM running for 38.604)
00:11:08:366  INFO 40160 --- [http-nio-8081-exec-9] o.a.c.c.C.[Tomcat].[localhost].[/]       : Initializing Spring DispatcherServlet 'dispatcherServlet'
00:11:08:367  INFO 40160 --- [http-nio-8081-exec-9] o.s.web.servlet.DispatcherServlet        : Initializing Servlet 'dispatcherServlet'
00:11:08:371  INFO 40160 --- [http-nio-8081-exec-9] o.s.web.servlet.DispatcherServlet        : Completed initialization in 4 ms
00:11:09:053 DEBUG 40160 --- [http-nio-8081-exec-9] c.h.i.mapper.ItemMapper.selectBatchIds   : ==>  Preparing: SELECT id,name,price,stock,image,category,brand,spec,sold,comment_count,isAD,status,create_time,update_time,creater,updater FROM item WHERE id IN ( ? , ? )
00:11:09:107 DEBUG 40160 --- [http-nio-8081-exec-9] c.h.i.mapper.ItemMapper.selectBatchIds   : ==> Parameters: 8533120(Long), 5089253(Long)
00:11:09:152 DEBUG 40160 --- [http-nio-8081-exec-9] c.h.i.mapper.ItemMapper.selectBatchIds   : <==      Total: 2
00:11:11:230 DEBUG 40160 --- [http-nio-8081-exec-8] c.h.i.mapper.ItemMapper.selectBatchIds   : ==>  Preparing: SELECT id,name,price,stock,image,category,brand,spec,sold,comment_count,isAD,status,create_time,update_time,creater,updater FROM item WHERE id IN ( ? , ? )
00:11:11:231 DEBUG 40160 --- [http-nio-8081-exec-8] c.h.i.mapper.ItemMapper.selectBatchIds   : ==> Parameters: 8533120(Long), 5089253(Long)
00:11:11:238 DEBUG 40160 --- [http-nio-8081-exec-8] c.h.i.mapper.ItemMapper.selectBatchIds   : <==      Total: 2
00:11:15:638 DEBUG 40160 --- [http-nio-8081-exec-10] c.h.i.mapper.ItemMapper.selectBatchIds   : ==>  Preparing: SELECT id,name,price,stock,image,category,brand,spec,sold,comment_count,isAD,status,create_time,update_time,creater,updater FROM item WHERE id IN ( ? , ? )
00:11:15:639 DEBUG 40160 --- [http-nio-8081-exec-10] c.h.i.mapper.ItemMapper.selectBatchIds   : ==> Parameters: 8533120(Long), 5089253(Long)
00:11:15:643 DEBUG 40160 --- [http-nio-8081-exec-10] c.h.i.mapper.ItemMapper.selectBatchIds   : <==      Total: 2
00:11:31:861 DEBUG 40160 --- [http-nio-8081-exec-5] c.h.i.m.ItemMapper.selectPage_mpCount    : ==>  Preparing: SELECT COUNT(*) FROM item WHERE (status = ?)
00:11:31:862 DEBUG 40160 --- [http-nio-8081-exec-5] c.h.i.m.ItemMapper.selectPage_mpCount    : ==> Parameters: 1(Integer)
00:11:31:879 DEBUG 40160 --- [http-nio-8081-exec-5] c.h.i.m.ItemMapper.selectPage_mpCount    : <==      Total: 1
00:11:31:899 DEBUG 40160 --- [http-nio-8081-exec-5] c.h.item.mapper.ItemMapper.selectPage    : ==>  Preparing: SELECT id, name, price, stock, image, category, brand, spec, sold, comment_count, isAD, status, create_time, update_time, creater, updater FROM item WHERE (status = ?) ORDER BY update_time DESC LIMIT ?
00:11:31:900 DEBUG 40160 --- [http-nio-8081-exec-5] c.h.item.mapper.ItemMapper.selectPage    : ==> Parameters: 1(Integer), 20(Long)
00:11:31:928 DEBUG 40160 --- [http-nio-8081-exec-5] c.h.item.mapper.ItemMapper.selectPage    : <==      Total: 20
00:11:35:221 DEBUG 40160 --- [http-nio-8081-exec-4] c.h.i.mapper.ItemMapper.selectBatchIds   : ==>  Preparing: SELECT id,name,price,stock,image,category,brand,spec,sold,comment_count,isAD,status,create_time,update_time,creater,updater FROM item WHERE id IN ( ? , ? , ? )
00:11:35:223 DEBUG 40160 --- [http-nio-8081-exec-4] c.h.i.mapper.ItemMapper.selectBatchIds   : ==> Parameters: 8533120(Long), 5089253(Long), 1533902(Long)
00:11:35:227 DEBUG 40160 --- [http-nio-8081-exec-4] c.h.i.mapper.ItemMapper.selectBatchIds   : <==      Total: 3
00:11:41:348 DEBUG 40160 --- [http-nio-8081-exec-1] c.h.i.mapper.ItemMapper.selectBatchIds   : ==>  Preparing: SELECT id,name,price,stock,image,category,brand,spec,sold,comment_count,isAD,status,create_time,update_time,creater,updater FROM item WHERE id IN ( ? , ? , ? )
00:11:41:350 DEBUG 40160 --- [http-nio-8081-exec-1] c.h.i.mapper.ItemMapper.selectBatchIds   : ==> Parameters: 8533120(Long), 5089253(Long), 1533902(Long)
00:11:41:354 DEBUG 40160 --- [http-nio-8081-exec-1] c.h.i.mapper.ItemMapper.selectBatchIds   : <==      Total: 3
00:11:50:660 DEBUG 40160 --- [http-nio-8081-exec-7] c.h.i.mapper.ItemMapper.selectBatchIds   : ==>  Preparing: SELECT id,name,price,stock,image,category,brand,spec,sold,comment_count,isAD,status,create_time,update_time,creater,updater FROM item WHERE id IN ( ? , ? , ? )
00:11:50:662 DEBUG 40160 --- [http-nio-8081-exec-7] c.h.i.mapper.ItemMapper.selectBatchIds   : ==> Parameters: 8533120(Long), 5089253(Long), 1533902(Long)
00:11:50:668 DEBUG 40160 --- [http-nio-8081-exec-7] c.h.i.mapper.ItemMapper.selectBatchIds   : <==      Total: 3
00:11:52:901 DEBUG 40160 --- [http-nio-8081-exec-6] c.h.i.mapper.ItemMapper.selectBatchIds   : ==>  Preparing: SELECT id,name,price,stock,image,category,brand,spec,sold,comment_count,isAD,status,create_time,update_time,creater,updater FROM item WHERE id IN ( ? , ? , ? )
00:11:52:902 DEBUG 40160 --- [http-nio-8081-exec-6] c.h.i.mapper.ItemMapper.selectBatchIds   : ==> Parameters: 8533120(Long), 5089253(Long), 1533902(Long)
00:11:52:905 DEBUG 40160 --- [http-nio-8081-exec-6] c.h.i.mapper.ItemMapper.selectBatchIds   : <==      Total: 3
00:11:53:907 DEBUG 40160 --- [http-nio-8081-exec-3] c.h.i.m.ItemMapper.selectPage_mpCount    : ==>  Preparing: SELECT COUNT(*) FROM item WHERE (status = ?)
00:11:53:909 DEBUG 40160 --- [http-nio-8081-exec-3] c.h.i.m.ItemMapper.selectPage_mpCount    : ==> Parameters: 1(Integer)
00:11:53:919 DEBUG 40160 --- [http-nio-8081-exec-3] c.h.i.m.ItemMapper.selectPage_mpCount    : <==      Total: 1
00:11:53:924 DEBUG 40160 --- [http-nio-8081-exec-3] c.h.item.mapper.ItemMapper.selectPage    : ==>  Preparing: SELECT id, name, price, stock, image, category, brand, spec, sold, comment_count, isAD, status, create_time, update_time, creater, updater FROM item WHERE (status = ?) ORDER BY update_time DESC LIMIT ?
00:11:53:925 DEBUG 40160 --- [http-nio-8081-exec-3] c.h.item.mapper.ItemMapper.selectPage    : ==> Parameters: 1(Integer), 20(Long)
00:11:53:934 DEBUG 40160 --- [http-nio-8081-exec-3] c.h.item.mapper.ItemMapper.selectPage    : <==      Total: 20
00:11:58:001 DEBUG 40160 --- [http-nio-8081-exec-2] c.h.i.mapper.ItemMapper.selectBatchIds   : ==>  Preparing: SELECT id,name,price,stock,image,category,brand,spec,sold,comment_count,isAD,status,create_time,update_time,creater,updater FROM item WHERE id IN ( ? , ? , ? )
00:11:58:002 DEBUG 40160 --- [http-nio-8081-exec-2] c.h.i.mapper.ItemMapper.selectBatchIds   : ==> Parameters: 8533120(Long), 5089253(Long), 1533902(Long)
00:11:58:005 DEBUG 40160 --- [http-nio-8081-exec-2] c.h.i.mapper.ItemMapper.selectBatchIds   : <==      Total: 3
00:12:01:672 DEBUG 40160 --- [http-nio-8081-exec-9] c.h.i.mapper.ItemMapper.selectBatchIds   : ==>  Preparing: SELECT id,name,price,stock,image,category,brand,spec,sold,comment_count,isAD,status,create_time,update_time,creater,updater FROM item WHERE id IN ( ? , ? , ? )
00:12:01:673 DEBUG 40160 --- [http-nio-8081-exec-9] c.h.i.mapper.ItemMapper.selectBatchIds   : ==> Parameters: 8533120(Long), 5089253(Long), 1533902(Long)
00:12:01:675 DEBUG 40160 --- [http-nio-8081-exec-9] c.h.i.mapper.ItemMapper.selectBatchIds   : <==      Total: 3
00:13:23:903 ERROR 40160 --- [http-nio-8081-exec-5] c.a.druid.pool.DruidAbstractDataSource   : discard long time none received connection. , jdbcUrl : jdbc:mysql://localhost:3306/hm-item?useUnicode=true&characterEncoding=UTF-8&autoReconnect=true&serverTimezone=Asia/Shanghai, jdbcUrl : jdbc:mysql://localhost:3306/hm-item?useUnicode=true&characterEncoding=UTF-8&autoReconnect=true&serverTimezone=Asia/Shanghai, lastPacketReceivedIdleMillis : 82217
00:13:23:988 DEBUG 40160 --- [http-nio-8081-exec-5] c.h.i.mapper.ItemMapper.selectBatchIds   : ==>  Preparing: SELECT id,name,price,stock,image,category,brand,spec,sold,comment_count,isAD,status,create_time,update_time,creater,updater FROM item WHERE id IN ( ? , ? , ? )
00:13:23:988 DEBUG 40160 --- [http-nio-8081-exec-5] c.h.i.mapper.ItemMapper.selectBatchIds   : ==> Parameters: 8533120(Long), 5089253(Long), 1533902(Long)
00:13:23:996 DEBUG 40160 --- [http-nio-8081-exec-5] c.h.i.mapper.ItemMapper.selectBatchIds   : <==      Total: 3
00:13:24:474 DEBUG 40160 --- [http-nio-8081-exec-4] c.h.i.m.ItemMapper.selectPage_mpCount    : ==>  Preparing: SELECT COUNT(*) FROM item WHERE (status = ?)
00:13:24:475 DEBUG 40160 --- [http-nio-8081-exec-4] c.h.i.m.ItemMapper.selectPage_mpCount    : ==> Parameters: 1(Integer)
00:13:24:485 DEBUG 40160 --- [http-nio-8081-exec-4] c.h.i.m.ItemMapper.selectPage_mpCount    : <==      Total: 1
00:13:24:493 DEBUG 40160 --- [http-nio-8081-exec-4] c.h.item.mapper.ItemMapper.selectPage    : ==>  Preparing: SELECT id, name, price, stock, image, category, brand, spec, sold, comment_count, isAD, status, create_time, update_time, creater, updater FROM item WHERE (status = ?) ORDER BY update_time DESC LIMIT ?
00:13:24:494 DEBUG 40160 --- [http-nio-8081-exec-4] c.h.item.mapper.ItemMapper.selectPage    : ==> Parameters: 1(Integer), 20(Long)
00:13:24:506 DEBUG 40160 --- [http-nio-8081-exec-4] c.h.item.mapper.ItemMapper.selectPage    : <==      Total: 20
00:15:15:122 ERROR 40160 --- [http-nio-8081-exec-6] c.a.druid.pool.DruidAbstractDataSource   : discard long time none received connection. , jdbcUrl : jdbc:mysql://localhost:3306/hm-item?useUnicode=true&characterEncoding=UTF-8&autoReconnect=true&serverTimezone=Asia/Shanghai, jdbcUrl : jdbc:mysql://localhost:3306/hm-item?useUnicode=true&characterEncoding=UTF-8&autoReconnect=true&serverTimezone=Asia/Shanghai, lastPacketReceivedIdleMillis : 110622
00:15:15:190 DEBUG 40160 --- [http-nio-8081-exec-6] c.h.i.mapper.ItemMapper.selectBatchIds   : ==>  Preparing: SELECT id,name,price,stock,image,category,brand,spec,sold,comment_count,isAD,status,create_time,update_time,creater,updater FROM item WHERE id IN ( ? , ? , ? , ? )
00:15:15:190 DEBUG 40160 --- [http-nio-8081-exec-6] c.h.i.mapper.ItemMapper.selectBatchIds   : ==> Parameters: 8533120(Long), 2030774(Long), 5089253(Long), 1533902(Long)
00:15:15:194 DEBUG 40160 --- [http-nio-8081-exec-6] c.h.i.mapper.ItemMapper.selectBatchIds   : <==      Total: 4
00:40:55:011 ERROR 40160 --- [http-nio-8081-exec-2] c.a.druid.pool.DruidAbstractDataSource   : discard long time none received connection. , jdbcUrl : jdbc:mysql://localhost:3306/hm-item?useUnicode=true&characterEncoding=UTF-8&autoReconnect=true&serverTimezone=Asia/Shanghai, jdbcUrl : jdbc:mysql://localhost:3306/hm-item?useUnicode=true&characterEncoding=UTF-8&autoReconnect=true&serverTimezone=Asia/Shanghai, lastPacketReceivedIdleMillis : 1539814
00:40:55:081 DEBUG 40160 --- [http-nio-8081-exec-2] c.h.i.m.ItemMapper.selectPage_mpCount    : ==>  Preparing: SELECT COUNT(*) FROM item
00:40:55:083 DEBUG 40160 --- [http-nio-8081-exec-2] c.h.i.m.ItemMapper.selectPage_mpCount    : ==> Parameters: 
00:40:55:136 DEBUG 40160 --- [http-nio-8081-exec-2] c.h.i.m.ItemMapper.selectPage_mpCount    : <==      Total: 1
00:40:55:141 DEBUG 40160 --- [http-nio-8081-exec-2] c.h.item.mapper.ItemMapper.selectPage    : ==>  Preparing: SELECT id, name, price, stock, image, category, brand, spec, sold, comment_count, isAD, status, create_time, update_time, creater, updater FROM item ORDER BY update_time DESC LIMIT ?
00:40:55:143 DEBUG 40160 --- [http-nio-8081-exec-2] c.h.item.mapper.ItemMapper.selectPage    : ==> Parameters: 1(Long)
00:40:55:149 DEBUG 40160 --- [http-nio-8081-exec-2] c.h.item.mapper.ItemMapper.selectPage    : <==      Total: 1
00:46:08:135  WARN 40160 --- [Thread-7] c.a.n.common.http.HttpClientBeanHolder   : [HttpClientBeanHolder] Start destroying common HttpClient
00:46:08:136  WARN 40160 --- [Thread-4] c.a.nacos.common.notify.NotifyCenter     : [NotifyCenter] Start destroying Publisher
00:46:08:137  WARN 40160 --- [Thread-4] c.a.nacos.common.notify.NotifyCenter     : [NotifyCenter] Destruction of the end
00:46:08:142  WARN 40160 --- [Thread-7] c.a.n.common.http.HttpClientBeanHolder   : [HttpClientBeanHolder] Destruction of the end
00:46:09:087  INFO 40160 --- [SpringApplicationShutdownHook] c.a.c.n.registry.NacosServiceRegistry    : De-registering from Nacos Server now...
00:46:09:093  INFO 40160 --- [SpringApplicationShutdownHook] c.a.c.n.registry.NacosServiceRegistry    : De-registration finished.
00:46:09:418  INFO 40160 --- [SpringApplicationShutdownHook] com.alibaba.nacos.common.remote.client   : Shutdown rpc client, set status to shutdown
00:46:09:418  INFO 40160 --- [SpringApplicationShutdownHook] com.alibaba.nacos.common.remote.client   : Shutdown client event executor java.util.concurrent.ScheduledThreadPoolExecutor@468e2d2a[Running, pool size = 2, active threads = 2, queued tasks = 0, completed tasks = 0]
00:46:09:419  INFO 40160 --- [SpringApplicationShutdownHook] com.alibaba.nacos.common.remote.client   : Close current connection 1726243599896_127.0.0.1_3823
00:46:09:421  INFO 40160 --- [nacos-grpc-client-executor-496] c.a.n.c.remote.client.grpc.GrpcClient    : [1726243599896_127.0.0.1_3823]Ignore complete event,isRunning:false,isAbandon=false
00:46:09:435  INFO 40160 --- [SpringApplicationShutdownHook] c.a.n.c.remote.client.grpc.GrpcClient    : Shutdown grpc executor java.util.concurrent.ThreadPoolExecutor@5eea409f[Running, pool size = 5, active threads = 0, queued tasks = 0, completed tasks = 497]
00:46:09:456  INFO 40160 --- [SpringApplicationShutdownHook] com.alibaba.druid.pool.DruidDataSource   : {dataSource-1} closing ...
00:46:09:465  INFO 40160 --- [SpringApplicationShutdownHook] com.alibaba.druid.pool.DruidDataSource   : {dataSource-1} closed
