00:03:59:816  WARN 21012 --- [Thread-7] c.a.n.common.http.HttpClientBeanHolder   : [HttpClientBeanHolder] Start destroying common HttpClient
00:03:59:816  WARN 21012 --- [Thread-4] c.a.nacos.common.notify.NotifyCenter     : [NotifyCenter] Start destroying Publisher
00:03:59:872  WARN 21012 --- [Thread-4] c.a.nacos.common.notify.NotifyCenter     : [NotifyCenter] Destruction of the end
00:03:59:882  WARN 21012 --- [Thread-7] c.a.n.common.http.HttpClientBeanHolder   : [HttpClientBeanHolder] Destruction of the end
00:04:00:677  INFO 21012 --- [SpringApplicationShutdownHook] c.a.c.n.registry.NacosServiceRegistry    : De-registering from Nacos Server now...
00:04:00:682  INFO 21012 --- [SpringApplicationShutdownHook] c.a.c.n.registry.NacosServiceRegistry    : De-registration finished.
00:04:01:024  INFO 21012 --- [SpringApplicationShutdownHook] com.alibaba.nacos.common.remote.client   : Shutdown rpc client, set status to shutdown
00:04:01:024  INFO 21012 --- [SpringApplicationShutdownHook] com.alibaba.nacos.common.remote.client   : Shutdown client event executor java.util.concurrent.ScheduledThreadPoolExecutor@677efdd[Running, pool size = 2, active threads = 2, queued tasks = 0, completed tasks = 0]
00:04:01:025  INFO 21012 --- [SpringApplicationShutdownHook] com.alibaba.nacos.common.remote.client   : Close current connection 1726197397773_127.0.0.1_37000
00:04:01:029  INFO 21012 --- [nacos-grpc-client-executor-9321] c.a.n.c.remote.client.grpc.GrpcClient    : [1726197397773_127.0.0.1_37000]Ignore complete event,isRunning:false,isAbandon=false
00:04:01:043  INFO 21012 --- [SpringApplicationShutdownHook] c.a.n.c.remote.client.grpc.GrpcClient    : Shutdown grpc executor java.util.concurrent.ThreadPoolExecutor@d6198e1[Running, pool size = 4, active threads = 0, queued tasks = 0, completed tasks = 9322]
00:04:01:057  INFO 21012 --- [SpringApplicationShutdownHook] com.alibaba.druid.pool.DruidDataSource   : {dataSource-1} closing ...
00:04:01:068  INFO 21012 --- [SpringApplicationShutdownHook] com.alibaba.druid.pool.DruidDataSource   : {dataSource-1} closed
00:06:50:946  INFO 35756 --- [main] com.hmall.user.UserApplication           : Starting UserApplication using Java 11.0.24 on HUAWEI-PC with PID 35756 (E:\JavaProject\SpringBoot\itheima\hmall\user-service\target\classes started by 表里不一 in E:\JavaProject\SpringBoot\itheima\hmall)
00:06:50:953 DEBUG 35756 --- [main] com.hmall.user.UserApplication           : Running with Spring Boot v2.7.12, Spring v5.3.27
00:06:50:954  INFO 35756 --- [main] com.hmall.user.UserApplication           : The following 1 profile is active: "dev"
00:06:53:291  INFO 35756 --- [main] .s.d.r.c.RepositoryConfigurationDelegate : Multiple Spring Data modules found, entering strict repository configuration mode
00:06:53:295  INFO 35756 --- [main] .s.d.r.c.RepositoryConfigurationDelegate : Bootstrapping Spring Data Redis repositories in DEFAULT mode.
00:06:53:367  INFO 35756 --- [main] .s.d.r.c.RepositoryConfigurationDelegate : Finished Spring Data repository scanning in 11 ms. Found 0 Redis repository interfaces.
00:06:53:751  INFO 35756 --- [main] o.s.cloud.context.scope.GenericScope     : BeanFactory id=73429dcb-f2ab-31d2-9b80-7ce65e2263b1
00:06:54:403  INFO 35756 --- [main] o.s.b.w.embedded.tomcat.TomcatWebServer  : Tomcat initialized with port(s): 8083 (http)
00:06:54:405  INFO 35756 --- [main] o.a.catalina.core.AprLifecycleListener   : Loaded Apache Tomcat Native library [1.2.39] using APR version [1.7.4].
00:06:54:405  INFO 35756 --- [main] o.a.catalina.core.AprLifecycleListener   : APR capabilities: IPv6 [true], sendfile [true], accept filters [false], random [true], UDS [true].
00:06:54:405  INFO 35756 --- [main] o.a.catalina.core.AprLifecycleListener   : APR/OpenSSL configuration: useAprConnector [false], useOpenSSL [true]
00:06:54:414  INFO 35756 --- [main] o.a.catalina.core.AprLifecycleListener   : OpenSSL successfully initialized [OpenSSL 3.0.11 19 Sep 2023]
00:06:54:429  INFO 35756 --- [main] o.apache.catalina.core.StandardService   : Starting service [Tomcat]
00:06:54:430  INFO 35756 --- [main] org.apache.catalina.core.StandardEngine  : Starting Servlet engine: [Apache Tomcat/9.0.75]
00:06:54:708  INFO 35756 --- [main] o.a.c.c.C.[Tomcat].[localhost].[/]       : Initializing Spring embedded WebApplicationContext
00:06:54:708  INFO 35756 --- [main] w.s.c.ServletWebServerApplicationContext : Root WebApplicationContext: initialization completed in 3566 ms
00:06:55:008  INFO 35756 --- [main] c.a.d.s.b.a.DruidDataSourceAutoConfigure : Init DruidDataSource
00:06:55:217  INFO 35756 --- [main] com.alibaba.druid.pool.DruidDataSource   : {dataSource-1} inited
00:07:01:176  INFO 35756 --- [main] o.s.cloud.commons.util.InetUtils         : Cannot determine local hostname
00:07:01:235  INFO 35756 --- [main] pertySourcedRequestMappingHandlerMapping : Mapped URL path [/v2/api-docs] onto method [springfox.documentation.swagger2.web.Swagger2ControllerWebMvc#getDocumentation(String, HttpServletRequest)]
00:07:03:463  INFO 35756 --- [main] o.s.cloud.commons.util.InetUtils         : Cannot determine local hostname
00:07:03:758  INFO 35756 --- [main] com.alibaba.nacos.common.remote.client   : [RpcClientFactory] create a new rpc client of d4be144b-67bc-4a80-8737-e9d94d2e7668
00:07:03:816  INFO 35756 --- [main] org.reflections.Reflections              : Reflections took 33 ms to scan 1 urls, producing 3 keys and 6 values 
00:07:03:847  INFO 35756 --- [main] org.reflections.Reflections              : Reflections took 13 ms to scan 1 urls, producing 4 keys and 9 values 
00:07:03:860  INFO 35756 --- [main] org.reflections.Reflections              : Reflections took 10 ms to scan 1 urls, producing 3 keys and 10 values 
00:07:03:865  WARN 35756 --- [main] org.reflections.Reflections              : given scan urls are empty. set urls in the configuration
00:07:03:878  INFO 35756 --- [main] org.reflections.Reflections              : Reflections took 12 ms to scan 1 urls, producing 1 keys and 5 values 
00:07:03:893  INFO 35756 --- [main] org.reflections.Reflections              : Reflections took 10 ms to scan 1 urls, producing 1 keys and 7 values 
00:07:03:905  INFO 35756 --- [main] org.reflections.Reflections              : Reflections took 9 ms to scan 1 urls, producing 2 keys and 8 values 
00:07:03:908  WARN 35756 --- [main] org.reflections.Reflections              : given scan urls are empty. set urls in the configuration
00:07:03:909  INFO 35756 --- [main] com.alibaba.nacos.common.remote.client   : [d4be144b-67bc-4a80-8737-e9d94d2e7668] RpcClient init label, labels = {module=naming, source=sdk}
00:07:03:911  INFO 35756 --- [main] com.alibaba.nacos.common.remote.client   : [d4be144b-67bc-4a80-8737-e9d94d2e7668] RpcClient init, ServerListFactory = com.alibaba.nacos.client.naming.core.ServerListManager
00:07:03:912  INFO 35756 --- [main] com.alibaba.nacos.common.remote.client   : [d4be144b-67bc-4a80-8737-e9d94d2e7668] Registry connection listener to current client:com.alibaba.nacos.client.naming.remote.gprc.redo.NamingGrpcRedoService
00:07:03:912  INFO 35756 --- [main] com.alibaba.nacos.common.remote.client   : [d4be144b-67bc-4a80-8737-e9d94d2e7668] Register server push request handler:com.alibaba.nacos.client.naming.remote.gprc.NamingPushRequestHandler
00:07:03:913  INFO 35756 --- [main] com.alibaba.nacos.common.remote.client   : [d4be144b-67bc-4a80-8737-e9d94d2e7668] Try to connect to server on start up, server: {serverIp = 'localhost', server main port = 8848}
00:07:07:028  INFO 35756 --- [main] com.alibaba.nacos.common.remote.client   : [d4be144b-67bc-4a80-8737-e9d94d2e7668] Success to connect to server [localhost:8848] on start up, connectionId = 1726243626781_127.0.0.1_3890
00:07:07:029  INFO 35756 --- [com.alibaba.nacos.client.remote.worker] com.alibaba.nacos.common.remote.client   : [d4be144b-67bc-4a80-8737-e9d94d2e7668] Notify connected event to listeners.
00:07:07:031  INFO 35756 --- [main] com.alibaba.nacos.common.remote.client   : [d4be144b-67bc-4a80-8737-e9d94d2e7668] Register server push request handler:com.alibaba.nacos.common.remote.client.RpcClient$ConnectResetRequestHandler
00:07:07:032  INFO 35756 --- [main] com.alibaba.nacos.common.remote.client   : [d4be144b-67bc-4a80-8737-e9d94d2e7668] Register server push request handler:com.alibaba.nacos.common.remote.client.RpcClient$$Lambda$1091/0x000000080083d840
00:07:07:175  INFO 35756 --- [main] o.s.b.w.embedded.tomcat.TomcatWebServer  : Tomcat started on port(s): 8083 (http) with context path ''
00:07:07:187  INFO 35756 --- [main] c.a.c.n.registry.NacosServiceRegistry    : nacos registry, DEFAULT_GROUP user-service 26.10.64.202:8083 register finished
00:07:07:638  INFO 35756 --- [nacos-grpc-client-executor-8] com.alibaba.nacos.common.remote.client   : [d4be144b-67bc-4a80-8737-e9d94d2e7668] Receive server push request, request = NotifySubscriberRequest, requestId = 137
00:07:07:644  INFO 35756 --- [nacos-grpc-client-executor-8] com.alibaba.nacos.common.remote.client   : [d4be144b-67bc-4a80-8737-e9d94d2e7668] Ack server push request, request = NotifySubscriberRequest, requestId = 137
00:07:09:044  INFO 35756 --- [main] o.s.cloud.commons.util.InetUtils         : Cannot determine local hostname
00:07:09:045  INFO 35756 --- [main] d.s.w.p.DocumentationPluginsBootstrapper : Documentation plugins bootstrapped
00:07:09:054  INFO 35756 --- [main] d.s.w.p.DocumentationPluginsBootstrapper : Found 1 custom documentation plugin(s)
00:07:09:089  INFO 35756 --- [main] s.d.s.w.s.ApiListingReferenceScanner     : Scanning for api listing references
00:07:09:273  INFO 35756 --- [main] com.hmall.user.UserApplication           : Started UserApplication in 22.894 seconds (JVM running for 26.666)
00:11:05:086  INFO 35756 --- [http-nio-8083-exec-1] o.a.c.c.C.[Tomcat].[localhost].[/]       : Initializing Spring DispatcherServlet 'dispatcherServlet'
00:11:05:087  INFO 35756 --- [http-nio-8083-exec-1] o.s.web.servlet.DispatcherServlet        : Initializing Servlet 'dispatcherServlet'
00:11:05:100  INFO 35756 --- [http-nio-8083-exec-1] o.s.web.servlet.DispatcherServlet        : Completed initialization in 13 ms
00:11:05:894 DEBUG 35756 --- [http-nio-8083-exec-1] c.h.user.mapper.UserMapper.selectOne     : ==>  Preparing: SELECT id,username,password,phone,create_time,update_time,status,balance FROM user WHERE (username = ?)
00:11:05:925 DEBUG 35756 --- [http-nio-8083-exec-1] c.h.user.mapper.UserMapper.selectOne     : ==> Parameters: jack(String)
00:11:05:998 DEBUG 35756 --- [http-nio-8083-exec-1] c.h.user.mapper.UserMapper.selectOne     : <==      Total: 1
00:46:08:282  WARN 35756 --- [Thread-7] c.a.n.common.http.HttpClientBeanHolder   : [HttpClientBeanHolder] Start destroying common HttpClient
00:46:08:282  WARN 35756 --- [Thread-4] c.a.nacos.common.notify.NotifyCenter     : [NotifyCenter] Start destroying Publisher
00:46:08:296  WARN 35756 --- [Thread-4] c.a.nacos.common.notify.NotifyCenter     : [NotifyCenter] Destruction of the end
00:46:08:300  WARN 35756 --- [Thread-7] c.a.n.common.http.HttpClientBeanHolder   : [HttpClientBeanHolder] Destruction of the end
00:46:09:332  INFO 35756 --- [SpringApplicationShutdownHook] c.a.c.n.registry.NacosServiceRegistry    : De-registering from Nacos Server now...
00:46:09:338  INFO 35756 --- [SpringApplicationShutdownHook] c.a.c.n.registry.NacosServiceRegistry    : De-registration finished.
00:46:09:663  INFO 35756 --- [SpringApplicationShutdownHook] com.alibaba.nacos.common.remote.client   : Shutdown rpc client, set status to shutdown
00:46:09:663  INFO 35756 --- [SpringApplicationShutdownHook] com.alibaba.nacos.common.remote.client   : Shutdown client event executor java.util.concurrent.ScheduledThreadPoolExecutor@64d403e9[Running, pool size = 2, active threads = 2, queued tasks = 0, completed tasks = 0]
00:46:09:664  INFO 35756 --- [SpringApplicationShutdownHook] com.alibaba.nacos.common.remote.client   : Close current connection 1726243626781_127.0.0.1_3890
00:46:09:668  INFO 35756 --- [nacos-grpc-client-executor-490] c.a.n.c.remote.client.grpc.GrpcClient    : [1726243626781_127.0.0.1_3890]Ignore complete event,isRunning:false,isAbandon=false
00:46:09:690  INFO 35756 --- [SpringApplicationShutdownHook] c.a.n.c.remote.client.grpc.GrpcClient    : Shutdown grpc executor java.util.concurrent.ThreadPoolExecutor@466feabe[Running, pool size = 6, active threads = 0, queued tasks = 0, completed tasks = 491]
00:46:09:712  INFO 35756 --- [SpringApplicationShutdownHook] com.alibaba.druid.pool.DruidDataSource   : {dataSource-1} closing ...
00:46:09:722  INFO 35756 --- [SpringApplicationShutdownHook] com.alibaba.druid.pool.DruidDataSource   : {dataSource-1} closed
